Started GET "/" for 172.24.0.1 at 2020-05-16 14:01:55 +0000
Cannot render console from 172.24.0.1! Allowed networks: 127.0.0.0/127.255.255.255, ::1
  
ActiveRecord::NoDatabaseError (Unknown database 'myapp_development'):
  
activerecord (6.0.3) lib/active_record/connection_adapters/mysql2_adapter.rb:28:in `rescue in mysql2_connection'
activerecord (6.0.3) lib/active_record/connection_adapters/mysql2_adapter.rb:14:in `mysql2_connection'
activerecord (6.0.3) lib/active_record/connection_adapters/abstract/connection_pool.rb:887:in `new_connection'
activerecord (6.0.3) lib/active_record/connection_adapters/abstract/connection_pool.rb:931:in `checkout_new_connection'
activerecord (6.0.3) lib/active_record/connection_adapters/abstract/connection_pool.rb:910:in `try_to_checkout_new_connection'
activerecord (6.0.3) lib/active_record/connection_adapters/abstract/connection_pool.rb:871:in `acquire_connection'
activerecord (6.0.3) lib/active_record/connection_adapters/abstract/connection_pool.rb:593:in `checkout'
activerecord (6.0.3) lib/active_record/connection_adapters/abstract/connection_pool.rb:437:in `connection'
activerecord (6.0.3) lib/active_record/connection_adapters/abstract/connection_pool.rb:1119:in `retrieve_connection'
activerecord (6.0.3) lib/active_record/connection_handling.rb:221:in `retrieve_connection'
activerecord (6.0.3) lib/active_record/connection_handling.rb:189:in `connection'
activerecord (6.0.3) lib/active_record/migration.rb:562:in `call'
actionpack (6.0.3) lib/action_dispatch/middleware/callbacks.rb:27:in `block in call'
activesupport (6.0.3) lib/active_support/callbacks.rb:101:in `run_callbacks'
actionpack (6.0.3) lib/action_dispatch/middleware/callbacks.rb:26:in `call'
actionpack (6.0.3) lib/action_dispatch/middleware/executor.rb:14:in `call'
actionpack (6.0.3) lib/action_dispatch/middleware/actionable_exceptions.rb:17:in `call'
actionpack (6.0.3) lib/action_dispatch/middleware/debug_exceptions.rb:32:in `call'
web-console (4.0.2) lib/web_console/middleware.rb:132:in `call_app'
web-console (4.0.2) lib/web_console/middleware.rb:19:in `block in call'
web-console (4.0.2) lib/web_console/middleware.rb:17:in `catch'
web-console (4.0.2) lib/web_console/middleware.rb:17:in `call'
actionpack (6.0.3) lib/action_dispatch/middleware/show_exceptions.rb:33:in `call'
railties (6.0.3) lib/rails/rack/logger.rb:37:in `call_app'
railties (6.0.3) lib/rails/rack/logger.rb:26:in `block in call'
activesupport (6.0.3) lib/active_support/tagged_logging.rb:80:in `block in tagged'
activesupport (6.0.3) lib/active_support/tagged_logging.rb:28:in `tagged'
activesupport (6.0.3) lib/active_support/tagged_logging.rb:80:in `tagged'
railties (6.0.3) lib/rails/rack/logger.rb:26:in `call'
sprockets-rails (3.2.1) lib/sprockets/rails/quiet_assets.rb:13:in `call'
actionpack (6.0.3) lib/action_dispatch/middleware/remote_ip.rb:81:in `call'
actionpack (6.0.3) lib/action_dispatch/middleware/request_id.rb:27:in `call'
rack (2.2.2) lib/rack/method_override.rb:24:in `call'
rack (2.2.2) lib/rack/runtime.rb:22:in `call'
activesupport (6.0.3) lib/active_support/cache/strategy/local_cache_middleware.rb:29:in `call'
actionpack (6.0.3) lib/action_dispatch/middleware/executor.rb:14:in `call'
actionpack (6.0.3) lib/action_dispatch/middleware/static.rb:126:in `call'
rack (2.2.2) lib/rack/sendfile.rb:110:in `call'
actionpack (6.0.3) lib/action_dispatch/middleware/host_authorization.rb:82:in `call'
webpacker (4.2.2) lib/webpacker/dev_server_proxy.rb:23:in `perform_request'
rack-proxy (0.6.5) lib/rack/proxy.rb:57:in `call'
railties (6.0.3) lib/rails/engine.rb:527:in `call'
puma (4.3.3) lib/puma/configuration.rb:228:in `call'
puma (4.3.3) lib/puma/server.rb:682:in `handle_request'
puma (4.3.3) lib/puma/server.rb:472:in `process_client'
puma (4.3.3) lib/puma/server.rb:328:in `block in run'
puma (4.3.3) lib/puma/thread_pool.rb:134:in `block in spawn_thread'
Started GET "/" for 172.24.0.1 at 2020-05-16 14:02:30 +0000
Cannot render console from 172.24.0.1! Allowed networks: 127.0.0.0/127.255.255.255, ::1
  
ActiveRecord::NoDatabaseError (Unknown database 'myapp_development'):
  
activerecord (6.0.3) lib/active_record/connection_adapters/mysql2_adapter.rb:28:in `rescue in mysql2_connection'
activerecord (6.0.3) lib/active_record/connection_adapters/mysql2_adapter.rb:14:in `mysql2_connection'
activerecord (6.0.3) lib/active_record/connection_adapters/abstract/connection_pool.rb:887:in `new_connection'
activerecord (6.0.3) lib/active_record/connection_adapters/abstract/connection_pool.rb:931:in `checkout_new_connection'
activerecord (6.0.3) lib/active_record/connection_adapters/abstract/connection_pool.rb:910:in `try_to_checkout_new_connection'
activerecord (6.0.3) lib/active_record/connection_adapters/abstract/connection_pool.rb:871:in `acquire_connection'
activerecord (6.0.3) lib/active_record/connection_adapters/abstract/connection_pool.rb:593:in `checkout'
activerecord (6.0.3) lib/active_record/connection_adapters/abstract/connection_pool.rb:437:in `connection'
activerecord (6.0.3) lib/active_record/connection_adapters/abstract/connection_pool.rb:1119:in `retrieve_connection'
activerecord (6.0.3) lib/active_record/connection_handling.rb:221:in `retrieve_connection'
activerecord (6.0.3) lib/active_record/connection_handling.rb:189:in `connection'
activerecord (6.0.3) lib/active_record/migration.rb:562:in `call'
actionpack (6.0.3) lib/action_dispatch/middleware/callbacks.rb:27:in `block in call'
activesupport (6.0.3) lib/active_support/callbacks.rb:101:in `run_callbacks'
actionpack (6.0.3) lib/action_dispatch/middleware/callbacks.rb:26:in `call'
actionpack (6.0.3) lib/action_dispatch/middleware/executor.rb:14:in `call'
actionpack (6.0.3) lib/action_dispatch/middleware/actionable_exceptions.rb:17:in `call'
actionpack (6.0.3) lib/action_dispatch/middleware/debug_exceptions.rb:32:in `call'
web-console (4.0.2) lib/web_console/middleware.rb:132:in `call_app'
web-console (4.0.2) lib/web_console/middleware.rb:19:in `block in call'
web-console (4.0.2) lib/web_console/middleware.rb:17:in `catch'
web-console (4.0.2) lib/web_console/middleware.rb:17:in `call'
actionpack (6.0.3) lib/action_dispatch/middleware/show_exceptions.rb:33:in `call'
railties (6.0.3) lib/rails/rack/logger.rb:37:in `call_app'
railties (6.0.3) lib/rails/rack/logger.rb:26:in `block in call'
activesupport (6.0.3) lib/active_support/tagged_logging.rb:80:in `block in tagged'
activesupport (6.0.3) lib/active_support/tagged_logging.rb:28:in `tagged'
activesupport (6.0.3) lib/active_support/tagged_logging.rb:80:in `tagged'
railties (6.0.3) lib/rails/rack/logger.rb:26:in `call'
sprockets-rails (3.2.1) lib/sprockets/rails/quiet_assets.rb:13:in `call'
actionpack (6.0.3) lib/action_dispatch/middleware/remote_ip.rb:81:in `call'
actionpack (6.0.3) lib/action_dispatch/middleware/request_id.rb:27:in `call'
rack (2.2.2) lib/rack/method_override.rb:24:in `call'
rack (2.2.2) lib/rack/runtime.rb:22:in `call'
activesupport (6.0.3) lib/active_support/cache/strategy/local_cache_middleware.rb:29:in `call'
actionpack (6.0.3) lib/action_dispatch/middleware/executor.rb:14:in `call'
actionpack (6.0.3) lib/action_dispatch/middleware/static.rb:126:in `call'
rack (2.2.2) lib/rack/sendfile.rb:110:in `call'
actionpack (6.0.3) lib/action_dispatch/middleware/host_authorization.rb:82:in `call'
webpacker (4.2.2) lib/webpacker/dev_server_proxy.rb:23:in `perform_request'
rack-proxy (0.6.5) lib/rack/proxy.rb:57:in `call'
railties (6.0.3) lib/rails/engine.rb:527:in `call'
puma (4.3.3) lib/puma/configuration.rb:228:in `call'
puma (4.3.3) lib/puma/server.rb:682:in `handle_request'
puma (4.3.3) lib/puma/server.rb:472:in `process_client'
puma (4.3.3) lib/puma/server.rb:328:in `block in run'
puma (4.3.3) lib/puma/thread_pool.rb:134:in `block in spawn_thread'
  [1m[35m (4.5ms)[0m  [1m[35mSET NAMES utf8mb4,  @@SESSION.sql_mode = CONCAT(CONCAT(@@sql_mode, ',STRICT_ALL_TABLES'), ',NO_AUTO_VALUE_ON_ZERO'),  @@SESSION.sql_auto_is_null = 0, @@SESSION.wait_timeout = 2147483[0m
  [1m[35m (0.5ms)[0m  [1m[35mCREATE DATABASE `myapp_development` DEFAULT CHARACTER SET `utf8mb4`[0m
  [1m[35m (0.6ms)[0m  [1m[35mSET NAMES utf8mb4,  @@SESSION.sql_mode = CONCAT(CONCAT(@@sql_mode, ',STRICT_ALL_TABLES'), ',NO_AUTO_VALUE_ON_ZERO'),  @@SESSION.sql_auto_is_null = 0, @@SESSION.wait_timeout = 2147483[0m
  [1m[35m (0.8ms)[0m  [1m[35mCREATE DATABASE `myapp_test` DEFAULT CHARACTER SET `utf8mb4`[0m
Started GET "/" for 172.24.0.1 at 2020-05-16 14:02:38 +0000
Cannot render console from 172.24.0.1! Allowed networks: 127.0.0.0/127.255.255.255, ::1
  [1m[35m (0.4ms)[0m  [1m[35mSET NAMES utf8mb4,  @@SESSION.sql_mode = CONCAT(CONCAT(@@sql_mode, ',STRICT_ALL_TABLES'), ',NO_AUTO_VALUE_ON_ZERO'),  @@SESSION.sql_auto_is_null = 0, @@SESSION.wait_timeout = 2147483[0m
Processing by Rails::WelcomeController#index as HTML
  Rendering /usr/local/bundle/gems/railties-6.0.3/lib/rails/templates/rails/welcome/index.html.erb
  Rendered /usr/local/bundle/gems/railties-6.0.3/lib/rails/templates/rails/welcome/index.html.erb (Duration: 5.6ms | Allocations: 183)
Completed 200 OK in 15ms (Views: 7.6ms | ActiveRecord: 0.0ms | Allocations: 1033)


Started GET "/" for 172.24.0.1 at 2020-05-16 14:02:46 +0000
Cannot render console from 172.24.0.1! Allowed networks: 127.0.0.0/127.255.255.255, ::1
Processing by Rails::WelcomeController#index as HTML
  Rendering /usr/local/bundle/gems/railties-6.0.3/lib/rails/templates/rails/welcome/index.html.erb
  Rendered /usr/local/bundle/gems/railties-6.0.3/lib/rails/templates/rails/welcome/index.html.erb (Duration: 5.1ms | Allocations: 196)
Completed 200 OK in 8ms (Views: 6.8ms | ActiveRecord: 0.0ms | Allocations: 938)


  [1m[35m (0.6ms)[0m  [1m[35mSET NAMES utf8mb4,  @@SESSION.sql_mode = CONCAT(CONCAT(@@sql_mode, ',STRICT_ALL_TABLES'), ',NO_AUTO_VALUE_ON_ZERO'),  @@SESSION.sql_auto_is_null = 0, @@SESSION.wait_timeout = 2147483[0m
  [1m[35m (9.9ms)[0m  [1m[35mCREATE TABLE `schema_migrations` (`version` varchar(255) NOT NULL PRIMARY KEY)[0m
  [1m[35m (6.8ms)[0m  [1m[35mCREATE TABLE `ar_internal_metadata` (`key` varchar(255) NOT NULL PRIMARY KEY, `value` varchar(255), `created_at` datetime(6) NOT NULL, `updated_at` datetime(6) NOT NULL)[0m
  [1m[35m (0.4ms)[0m  [1m[34mSELECT `schema_migrations`.`version` FROM `schema_migrations` ORDER BY `schema_migrations`.`version` ASC[0m
  [1m[35m (1.9ms)[0m  [1m[35mSET NAMES utf8mb4,  @@SESSION.sql_mode = CONCAT(CONCAT(@@sql_mode, ',STRICT_ALL_TABLES'), ',NO_AUTO_VALUE_ON_ZERO'),  @@SESSION.sql_auto_is_null = 0, @@SESSION.wait_timeout = 2147483[0m
  [1m[35m (0.5ms)[0m  [1m[35mSET NAMES utf8mb4,  @@SESSION.sql_mode = CONCAT(CONCAT(@@sql_mode, ',STRICT_ALL_TABLES'), ',NO_AUTO_VALUE_ON_ZERO'),  @@SESSION.sql_auto_is_null = 0, @@SESSION.wait_timeout = 2147483[0m
  [1m[35m (0.4ms)[0m  [1m[34mSELECT GET_LOCK('7864839756650184315', 0)[0m
  [1m[35m (0.4ms)[0m  [1m[34mSELECT `schema_migrations`.`version` FROM `schema_migrations` ORDER BY `schema_migrations`.`version` ASC[0m
Migrating to CreateUsers (20200516140533)
  [1m[35m (9.7ms)[0m  [1m[35mCREATE TABLE `users` (`id` bigint NOT NULL AUTO_INCREMENT PRIMARY KEY, `name` varchar(255), `created_at` datetime(6) NOT NULL, `updated_at` datetime(6) NOT NULL)[0m
  [1m[35m (0.3ms)[0m  [1m[35mBEGIN[0m
  [1m[36mprimary::SchemaMigration Create (0.4ms)[0m  [1m[32mINSERT INTO `schema_migrations` (`version`) VALUES ('20200516140533')[0m
  [1m[35m (1.3ms)[0m  [1m[35mCOMMIT[0m
  [1m[36mActiveRecord::InternalMetadata Load (0.7ms)[0m  [1m[34mSELECT `ar_internal_metadata`.* FROM `ar_internal_metadata` WHERE `ar_internal_metadata`.`key` = 'environment' LIMIT 1[0m
  [1m[35m (0.4ms)[0m  [1m[35mBEGIN[0m
  [1m[36mActiveRecord::InternalMetadata Create (0.4ms)[0m  [1m[32mINSERT INTO `ar_internal_metadata` (`key`, `value`, `created_at`, `updated_at`) VALUES ('environment', 'development', '2020-05-16 14:06:19.612774', '2020-05-16 14:06:19.612774')[0m
  [1m[35m (1.4ms)[0m  [1m[35mCOMMIT[0m
  [1m[35m (0.5ms)[0m  [1m[34mSELECT RELEASE_LOCK('7864839756650184315')[0m
  [1m[35m (0.5ms)[0m  [1m[35mSET NAMES utf8mb4,  @@SESSION.sql_mode = CONCAT(CONCAT(@@sql_mode, ',STRICT_ALL_TABLES'), ',NO_AUTO_VALUE_ON_ZERO'),  @@SESSION.sql_auto_is_null = 0, @@SESSION.wait_timeout = 2147483[0m
  [1m[35m (0.3ms)[0m  [1m[34mSELECT `schema_migrations`.`version` FROM `schema_migrations` ORDER BY `schema_migrations`.`version` ASC[0m
Started GET "/" for 172.24.0.1 at 2020-05-16 14:07:22 +0000
Cannot render console from 172.24.0.1! Allowed networks: 127.0.0.0/127.255.255.255, ::1
  [1m[35m (0.3ms)[0m  [1m[34mSELECT `schema_migrations`.`version` FROM `schema_migrations` ORDER BY `schema_migrations`.`version` ASC[0m
Processing by Rails::WelcomeController#index as HTML
  Rendering /usr/local/bundle/gems/railties-6.0.3/lib/rails/templates/rails/welcome/index.html.erb
  Rendered /usr/local/bundle/gems/railties-6.0.3/lib/rails/templates/rails/welcome/index.html.erb (Duration: 4.8ms | Allocations: 178)
Completed 200 OK in 37ms (Views: 6.1ms | ActiveRecord: 0.0ms | Allocations: 2250)


Started GET "/" for 172.24.0.1 at 2020-05-16 14:07:23 +0000
Cannot render console from 172.24.0.1! Allowed networks: 127.0.0.0/127.255.255.255, ::1
Processing by Rails::WelcomeController#index as HTML
  Rendering /usr/local/bundle/gems/railties-6.0.3/lib/rails/templates/rails/welcome/index.html.erb
  Rendered /usr/local/bundle/gems/railties-6.0.3/lib/rails/templates/rails/welcome/index.html.erb (Duration: 0.4ms | Allocations: 7)
Completed 200 OK in 6ms (Views: 4.8ms | ActiveRecord: 0.0ms | Allocations: 375)


Started GET "/" for 172.24.0.1 at 2020-05-16 14:15:03 +0000
Cannot render console from 172.24.0.1! Allowed networks: 127.0.0.0/127.255.255.255, ::1
  [1m[35m (1.8ms)[0m  [1m[35mSET NAMES utf8mb4,  @@SESSION.sql_mode = CONCAT(CONCAT(@@sql_mode, ',STRICT_ALL_TABLES'), ',NO_AUTO_VALUE_ON_ZERO'),  @@SESSION.sql_auto_is_null = 0, @@SESSION.wait_timeout = 2147483[0m
  [1m[35m (0.4ms)[0m  [1m[34mSELECT `schema_migrations`.`version` FROM `schema_migrations` ORDER BY `schema_migrations`.`version` ASC[0m
Processing by Rails::WelcomeController#index as HTML
  Rendering /usr/local/bundle/gems/railties-6.0.3/lib/rails/templates/rails/welcome/index.html.erb
  Rendered /usr/local/bundle/gems/railties-6.0.3/lib/rails/templates/rails/welcome/index.html.erb (Duration: 11.1ms | Allocations: 294)
Completed 200 OK in 36ms (Views: 20.8ms | ActiveRecord: 0.0ms | Allocations: 1727)


Started GET "/" for 172.24.0.1 at 2020-05-16 14:15:09 +0000
Cannot render console from 172.24.0.1! Allowed networks: 127.0.0.0/127.255.255.255, ::1
Processing by Rails::WelcomeController#index as HTML
  Rendering /usr/local/bundle/gems/railties-6.0.3/lib/rails/templates/rails/welcome/index.html.erb
  Rendered /usr/local/bundle/gems/railties-6.0.3/lib/rails/templates/rails/welcome/index.html.erb (Duration: 7.6ms | Allocations: 179)
Completed 200 OK in 15ms (Views: 9.8ms | ActiveRecord: 0.0ms | Allocations: 956)


Started GET "/users" for 172.24.0.1 at 2020-05-16 14:15:29 +0000
Cannot render console from 172.24.0.1! Allowed networks: 127.0.0.0/127.255.255.255, ::1
Processing by UsersController#index as HTML
  Rendering users/index.html.erb within layouts/application
  [1m[36mUser Load (0.6ms)[0m  [1m[34mSELECT `users`.* FROM `users`[0m
  ↳ app/views/users/index.html.erb:14
  Rendered users/index.html.erb within layouts/application (Duration: 15.6ms | Allocations: 1301)
[Webpacker] Compiling...
[Webpacker] Compiled all packs in /myapp/public/packs
[Webpacker] Hash: 15d1bb7b54cf6326b9ba
Version: webpack 4.43.0
Time: 6091ms
Built at: 05/16/2020 2:15:42 PM
                                     Asset       Size       Chunks                         Chunk Names
    js/application-9afcbb5693aa87623e69.js    124 KiB  application  [emitted] [immutable]  application
js/application-9afcbb5693aa87623e69.js.map    139 KiB  application  [emitted] [dev]        application
                             manifest.json  364 bytes               [emitted]              
Entrypoint application = js/application-9afcbb5693aa87623e69.js js/application-9afcbb5693aa87623e69.js.map
[./app/javascript/channels sync recursive _channel\.js$] ./app/javascript/channels sync _channel\.js$ 160 bytes {application} [built]
[./app/javascript/channels/index.js] 211 bytes {application} [built]
[./app/javascript/packs/application.js] 749 bytes {application} [built]
[./node_modules/webpack/buildin/module.js] (webpack)/buildin/module.js 552 bytes {application} [built]
    + 3 hidden modules

Completed 200 OK in 12987ms (Views: 12957.1ms | ActiveRecord: 1.4ms | Allocations: 21419)


  [1m[35m (0.5ms)[0m  [1m[35mSET NAMES utf8mb4,  @@SESSION.sql_mode = CONCAT(CONCAT(@@sql_mode, ',STRICT_ALL_TABLES'), ',NO_AUTO_VALUE_ON_ZERO'),  @@SESSION.sql_auto_is_null = 0, @@SESSION.wait_timeout = 2147483[0m
  [1m[35m (0.4ms)[0m  [1m[35mSET NAMES utf8mb4,  @@SESSION.sql_mode = CONCAT(CONCAT(@@sql_mode, ',STRICT_ALL_TABLES'), ',NO_AUTO_VALUE_ON_ZERO'),  @@SESSION.sql_auto_is_null = 0, @@SESSION.wait_timeout = 2147483[0m
  [1m[35m (0.3ms)[0m  [1m[34mSELECT GET_LOCK('7864839756650184315', 0)[0m
  [1m[35m (0.7ms)[0m  [1m[34mSELECT `schema_migrations`.`version` FROM `schema_migrations` ORDER BY `schema_migrations`.`version` ASC[0m
Migrating to CreateActiveStorageTables (20200516141742)
  [1m[35m (19.5ms)[0m  [1m[35mCREATE TABLE `active_storage_blobs` (`id` bigint NOT NULL AUTO_INCREMENT PRIMARY KEY, `key` varchar(255) NOT NULL, `filename` varchar(255) NOT NULL, `content_type` varchar(255), `metadata` text, `byte_size` bigint NOT NULL, `checksum` varchar(255) NOT NULL, `created_at` datetime NOT NULL, UNIQUE INDEX `index_active_storage_blobs_on_key`  (`key`))[0m
  [1m[35m (16.5ms)[0m  [1m[35mCREATE TABLE `active_storage_attachments` (`id` bigint NOT NULL AUTO_INCREMENT PRIMARY KEY, `name` varchar(255) NOT NULL, `record_type` varchar(255) NOT NULL, `record_id` bigint NOT NULL, `blob_id` bigint NOT NULL, `created_at` datetime NOT NULL,  INDEX `index_active_storage_attachments_on_blob_id`  (`blob_id`), UNIQUE INDEX `index_active_storage_attachments_uniqueness`  (`record_type`, `record_id`, `name`, `blob_id`), CONSTRAINT `fk_rails_c3b3935057`
FOREIGN KEY (`blob_id`)
  REFERENCES `active_storage_blobs` (`id`)
)[0m
  [1m[35m (0.4ms)[0m  [1m[35mBEGIN[0m
  [1m[36mprimary::SchemaMigration Create (0.5ms)[0m  [1m[32mINSERT INTO `schema_migrations` (`version`) VALUES ('20200516141742')[0m
  [1m[35m (1.7ms)[0m  [1m[35mCOMMIT[0m
  [1m[36mActiveRecord::InternalMetadata Load (0.6ms)[0m  [1m[34mSELECT `ar_internal_metadata`.* FROM `ar_internal_metadata` WHERE `ar_internal_metadata`.`key` = 'environment' LIMIT 1[0m
  [1m[35m (0.9ms)[0m  [1m[34mSELECT RELEASE_LOCK('7864839756650184315')[0m
  [1m[35m (0.5ms)[0m  [1m[35mSET NAMES utf8mb4,  @@SESSION.sql_mode = CONCAT(CONCAT(@@sql_mode, ',STRICT_ALL_TABLES'), ',NO_AUTO_VALUE_ON_ZERO'),  @@SESSION.sql_auto_is_null = 0, @@SESSION.wait_timeout = 2147483[0m
  [1m[35m (0.5ms)[0m  [1m[34mSELECT `schema_migrations`.`version` FROM `schema_migrations` ORDER BY `schema_migrations`.`version` ASC[0m
Started GET "/users" for 172.24.0.1 at 2020-05-16 14:21:13 +0000
Cannot render console from 172.24.0.1! Allowed networks: 127.0.0.0/127.255.255.255, ::1
  [1m[35m (0.6ms)[0m  [1m[35mSET NAMES utf8mb4,  @@SESSION.sql_mode = CONCAT(CONCAT(@@sql_mode, ',STRICT_ALL_TABLES'), ',NO_AUTO_VALUE_ON_ZERO'),  @@SESSION.sql_auto_is_null = 0, @@SESSION.wait_timeout = 2147483[0m
  [1m[35m (0.3ms)[0m  [1m[34mSELECT `schema_migrations`.`version` FROM `schema_migrations` ORDER BY `schema_migrations`.`version` ASC[0m
Processing by UsersController#index as HTML
  Rendering users/index.html.erb within layouts/application
  [1m[36mUser Load (0.6ms)[0m  [1m[34mSELECT `users`.* FROM `users`[0m
  ↳ app/views/users/index.html.erb:14
  Rendered users/index.html.erb within layouts/application (Duration: 9.5ms | Allocations: 1405)
[Webpacker] Everything's up-to-date. Nothing to do
Completed 200 OK in 191ms (Views: 152.9ms | ActiveRecord: 2.2ms | Allocations: 10431)


Started GET "/users/new" for 172.24.0.1 at 2020-05-16 14:21:15 +0000
Cannot render console from 172.24.0.1! Allowed networks: 127.0.0.0/127.255.255.255, ::1
Processing by UsersController#new as HTML
  Rendering users/new.html.erb within layouts/application
  Rendered users/_form.html.erb (Duration: 62.8ms | Allocations: 4297)
  Rendered users/new.html.erb within layouts/application (Duration: 70.3ms | Allocations: 4632)
[Webpacker] Everything's up-to-date. Nothing to do
Completed 200 OK in 152ms (Views: 132.1ms | ActiveRecord: 1.2ms | Allocations: 10718)


Started POST "/users" for 172.24.0.1 at 2020-05-16 14:21:33 +0000
Cannot render console from 172.24.0.1! Allowed networks: 127.0.0.0/127.255.255.255, ::1
Processing by UsersController#create as HTML
  Parameters: {"authenticity_token"=>"na8Vmmsei/Os5I7gAkka6SbGp6pTLXUUZqwG35A2wEq56ZDH0uQ5LrHQVgPN1mE9SObth0QCld7K5OD8AJspPQ==", "user"=>{"name"=>"duc", "avatar"=>#<ActionDispatch::Http::UploadedFile:0x000055ef9a08b738 @tempfile=#<Tempfile:/tmp/RackMultipart20200516-1-1wyzgfg.jpg>, @original_filename="FB_IMG_1588441689538.jpg", @content_type="image/jpeg", @headers="Content-Disposition: form-data; name=\"user[avatar]\"; filename=\"FB_IMG_1588441689538.jpg\"\r\nContent-Type: image/jpeg\r\n">}, "commit"=>"Create User"}
  [1m[35m (0.3ms)[0m  [1m[35mBEGIN[0m
  ↳ app/controllers/users_controller.rb:30:in `block in create'
  [1m[36mUser Create (0.4ms)[0m  [1m[32mINSERT INTO `users` (`name`, `created_at`, `updated_at`) VALUES ('duc', '2020-05-16 14:21:33.462105', '2020-05-16 14:21:33.462105')[0m
  ↳ app/controllers/users_controller.rb:30:in `block in create'
  [1m[36mActiveStorage::Blob Load (1.0ms)[0m  [1m[34mSELECT `active_storage_blobs`.* FROM `active_storage_blobs` INNER JOIN `active_storage_attachments` ON `active_storage_blobs`.`id` = `active_storage_attachments`.`blob_id` WHERE `active_storage_attachments`.`record_id` = 1 AND `active_storage_attachments`.`record_type` = 'User' AND `active_storage_attachments`.`name` = 'avatar' LIMIT 1[0m
  ↳ app/controllers/users_controller.rb:30:in `block in create'
  [1m[36mActiveStorage::Attachment Load (0.4ms)[0m  [1m[34mSELECT `active_storage_attachments`.* FROM `active_storage_attachments` WHERE `active_storage_attachments`.`record_id` = 1 AND `active_storage_attachments`.`record_type` = 'User' AND `active_storage_attachments`.`name` = 'avatar' LIMIT 1[0m
  ↳ app/controllers/users_controller.rb:30:in `block in create'
  [1m[36mActiveStorage::Blob Create (0.4ms)[0m  [1m[32mINSERT INTO `active_storage_blobs` (`key`, `filename`, `content_type`, `metadata`, `byte_size`, `checksum`, `created_at`) VALUES ('2c7myqimqp43vxqdjok82b3rm7xl', 'FB_IMG_1588441689538.jpg', 'image/jpeg', '{\"identified\":true}', 45949, 'O6CQXrkcls3z4n52gMzEFg==', '2020-05-16 14:21:33')[0m
  ↳ app/controllers/users_controller.rb:30:in `block in create'
  [1m[36mActiveStorage::Attachment Create (0.4ms)[0m  [1m[32mINSERT INTO `active_storage_attachments` (`name`, `record_type`, `record_id`, `blob_id`, `created_at`) VALUES ('avatar', 'User', 1, 1, '2020-05-16 14:21:33')[0m
  ↳ app/controllers/users_controller.rb:30:in `block in create'
  [1m[36mUser Update (1.2ms)[0m  [1m[33mUPDATE `users` SET `users`.`updated_at` = '2020-05-16 14:21:33.728256' WHERE `users`.`id` = 1[0m
  ↳ app/controllers/users_controller.rb:30:in `block in create'
  [1m[35m (1.8ms)[0m  [1m[35mCOMMIT[0m
  ↳ app/controllers/users_controller.rb:30:in `block in create'
[36m  Disk Storage (9.4ms) [0m[32mUploaded file to key: 2c7myqimqp43vxqdjok82b3rm7xl (checksum: O6CQXrkcls3z4n52gMzEFg==)[0m
[ActiveJob] Enqueued ActiveStorage::AnalyzeJob (Job ID: 7555cd5a-54bc-4fa3-9455-56706f899b07) to Async(active_storage_analysis) with arguments: #<GlobalID:0x00007fdf44849e48 @uri=#<URI::GID gid://myapp/ActiveStorage::Blob/1>>
  [1m[35m (0.4ms)[0m  [1m[35mBEGIN[0m
  ↳ app/controllers/users_controller.rb:31:in `block in create'
  [1m[36mActiveStorage::Attachment Destroy (3.5ms)[0m  [1m[31mDELETE FROM `active_storage_attachments` WHERE `active_storage_attachments`.`id` = 1[0m
  ↳ app/controllers/users_controller.rb:31:in `block in create'
  [1m[35m (2.0ms)[0m  [1m[35mSET NAMES utf8mb4,  @@SESSION.sql_mode = CONCAT(CONCAT(@@sql_mode, ',STRICT_ALL_TABLES'), ',NO_AUTO_VALUE_ON_ZERO'),  @@SESSION.sql_auto_is_null = 0, @@SESSION.wait_timeout = 2147483[0m
  [1m[36mUser Update (0.7ms)[0m  [1m[33mUPDATE `users` SET `users`.`updated_at` = '2020-05-16 14:21:33.911200' WHERE `users`.`id` = 1[0m
  ↳ app/controllers/users_controller.rb:31:in `block in create'
  [1m[36mActiveStorage::Blob Load (1.3ms)[0m  [1m[34mSELECT `active_storage_blobs`.* FROM `active_storage_blobs` WHERE `active_storage_blobs`.`id` = 1 LIMIT 1[0m
[ActiveJob] [ActiveStorage::AnalyzeJob] [7555cd5a-54bc-4fa3-9455-56706f899b07] Performing ActiveStorage::AnalyzeJob (Job ID: 7555cd5a-54bc-4fa3-9455-56706f899b07) from Async(active_storage_analysis) enqueued at 2020-05-16T14:21:33Z with arguments: #<GlobalID:0x00007fdf08462960 @uri=#<URI::GID gid://myapp/ActiveStorage::Blob/1>>
  [1m[35m (3.1ms)[0m  [1m[35mCOMMIT[0m
  ↳ app/controllers/users_controller.rb:31:in `block in create'
[ActiveJob] Enqueued ActiveStorage::PurgeJob (Job ID: b1920e7d-aed9-4ed2-b82e-57277f1f91b9) to Async(active_storage_purge) with arguments: #<GlobalID:0x00007fdf448a9050 @uri=#<URI::GID gid://myapp/ActiveStorage::Blob/1>>
Redirected to http://lvh.me:3000/users/1
[ActiveJob] [ActiveStorage::AnalyzeJob] [7555cd5a-54bc-4fa3-9455-56706f899b07] [36m  Disk Storage (18.8ms) [0m[34mDownloaded file from key: 2c7myqimqp43vxqdjok82b3rm7xl[0m
Completed 302 Found in 485ms (ActiveRecord: 15.8ms | Allocations: 79468)


[ActiveJob] [ActiveStorage::AnalyzeJob] [7555cd5a-54bc-4fa3-9455-56706f899b07] Skipping image analysis because the mini_magick gem isn't installed
[ActiveJob] [ActiveStorage::AnalyzeJob] [7555cd5a-54bc-4fa3-9455-56706f899b07]   [1m[35m (1.0ms)[0m  [1m[35mBEGIN[0m
  [1m[35m (4.6ms)[0m  [1m[35mSET NAMES utf8mb4,  @@SESSION.sql_mode = CONCAT(CONCAT(@@sql_mode, ',STRICT_ALL_TABLES'), ',NO_AUTO_VALUE_ON_ZERO'),  @@SESSION.sql_auto_is_null = 0, @@SESSION.wait_timeout = 2147483[0m
Started GET "/users/1" for 172.24.0.1 at 2020-05-16 14:21:33 +0000
[ActiveJob] [ActiveStorage::AnalyzeJob] [7555cd5a-54bc-4fa3-9455-56706f899b07]   [1m[36mActiveStorage::Blob Update (2.4ms)[0m  [1m[33mUPDATE `active_storage_blobs` SET `active_storage_blobs`.`metadata` = '{\"identified\":true,\"analyzed\":true}' WHERE `active_storage_blobs`.`id` = 1[0m
  [1m[36mActiveStorage::Blob Load (0.9ms)[0m  [1m[34mSELECT `active_storage_blobs`.* FROM `active_storage_blobs` WHERE `active_storage_blobs`.`id` = 1 LIMIT 1[0m
Cannot render console from 172.24.0.1! Allowed networks: 127.0.0.0/127.255.255.255, ::1
[ActiveJob] [ActiveStorage::PurgeJob] [b1920e7d-aed9-4ed2-b82e-57277f1f91b9] Performing ActiveStorage::PurgeJob (Job ID: b1920e7d-aed9-4ed2-b82e-57277f1f91b9) from Async(active_storage_purge) enqueued at 2020-05-16T14:21:33Z with arguments: #<GlobalID:0x00007fdf0c036978 @uri=#<URI::GID gid://myapp/ActiveStorage::Blob/1>>
[ActiveJob] [ActiveStorage::AnalyzeJob] [7555cd5a-54bc-4fa3-9455-56706f899b07]   [1m[35m (1.9ms)[0m  [1m[35mCOMMIT[0m
[ActiveJob] [ActiveStorage::AnalyzeJob] [7555cd5a-54bc-4fa3-9455-56706f899b07] Performed ActiveStorage::AnalyzeJob (Job ID: 7555cd5a-54bc-4fa3-9455-56706f899b07) from Async(active_storage_analysis) in 91.42ms
[ActiveJob] [ActiveStorage::PurgeJob] [b1920e7d-aed9-4ed2-b82e-57277f1f91b9]   [1m[35m (1.6ms)[0m  [1m[35mBEGIN[0m
[ActiveJob] [ActiveStorage::PurgeJob] [b1920e7d-aed9-4ed2-b82e-57277f1f91b9]   [1m[36mActiveStorage::Attachment Exists? (2.2ms)[0m  [1m[34mSELECT 1 AS one FROM `active_storage_attachments` WHERE `active_storage_attachments`.`blob_id` = 1 LIMIT 1[0m
Processing by UsersController#show as HTML
[ActiveJob] [ActiveStorage::PurgeJob] [b1920e7d-aed9-4ed2-b82e-57277f1f91b9]   [1m[36mActiveStorage::Attachment Load (1.4ms)[0m  [1m[34mSELECT `active_storage_attachments`.* FROM `active_storage_attachments` WHERE `active_storage_attachments`.`record_id` = 1 AND `active_storage_attachments`.`record_type` = 'ActiveStorage::Blob' AND `active_storage_attachments`.`name` = 'preview_image' LIMIT 1[0m
  Parameters: {"id"=>"1"}
[ActiveJob] [ActiveStorage::PurgeJob] [b1920e7d-aed9-4ed2-b82e-57277f1f91b9]   [1m[36mActiveStorage::Blob Destroy (3.0ms)[0m  [1m[31mDELETE FROM `active_storage_blobs` WHERE `active_storage_blobs`.`id` = 1[0m
  [1m[36mUser Load (2.8ms)[0m  [1m[34mSELECT `users`.* FROM `users` WHERE `users`.`id` = 1 LIMIT 1[0m
  ↳ app/controllers/users_controller.rb:68:in `set_user'
[ActiveJob] [ActiveStorage::PurgeJob] [b1920e7d-aed9-4ed2-b82e-57277f1f91b9]   [1m[35m (1.7ms)[0m  [1m[35mCOMMIT[0m
[ActiveJob] [ActiveStorage::PurgeJob] [b1920e7d-aed9-4ed2-b82e-57277f1f91b9] [36m  Disk Storage (4.1ms) [0m[31mDeleted file from key: 2c7myqimqp43vxqdjok82b3rm7xl[0m
  Rendering users/show.html.erb within layouts/application
[ActiveJob] [ActiveStorage::PurgeJob] [b1920e7d-aed9-4ed2-b82e-57277f1f91b9] [36m  Disk Storage (1.3ms) [0m[31mDeleted files by key prefix: variants/2c7myqimqp43vxqdjok82b3rm7xl/[0m
[ActiveJob] [ActiveStorage::PurgeJob] [b1920e7d-aed9-4ed2-b82e-57277f1f91b9] Performed ActiveStorage::PurgeJob (Job ID: b1920e7d-aed9-4ed2-b82e-57277f1f91b9) from Async(active_storage_purge) in 61.57ms
  Rendered users/show.html.erb within layouts/application (Duration: 4.5ms | Allocations: 334)
[Webpacker] Everything's up-to-date. Nothing to do
Completed 200 OK in 118ms (Views: 103.9ms | ActiveRecord: 2.8ms | Allocations: 7014)


Started GET "/users/1" for 172.24.0.1 at 2020-05-16 14:22:09 +0000
Cannot render console from 172.24.0.1! Allowed networks: 127.0.0.0/127.255.255.255, ::1
Processing by UsersController#show as HTML
  Parameters: {"id"=>"1"}
  [1m[36mUser Load (0.5ms)[0m  [1m[34mSELECT `users`.* FROM `users` WHERE `users`.`id` = 1 LIMIT 1[0m
  ↳ app/controllers/users_controller.rb:68:in `set_user'
  Rendering users/show.html.erb within layouts/application
  Rendered users/show.html.erb within layouts/application (Duration: 125.0ms | Allocations: 66795)
Completed 500 Internal Server Error in 141ms (ActiveRecord: 0.5ms | Allocations: 68637)


  
ActionView::Template::Error (undefined method `img' for #<#<Class:0x00007fdf3803f3d0>:0x00007fdf3803db48>):
     6: </p>
     7: <p>
     8:   <strong>Name:</strong>
     9:   <%= img @user.avatar %>
    10: </p>
    11: 
    12: <%= link_to 'Edit', edit_user_path(@user) %> |
  
app/views/users/show.html.erb:9
Started GET "/users/1" for 172.24.0.1 at 2020-05-16 14:22:38 +0000
Cannot render console from 172.24.0.1! Allowed networks: 127.0.0.0/127.255.255.255, ::1
Processing by UsersController#show as HTML
  Parameters: {"id"=>"1"}
  [1m[36mUser Load (0.6ms)[0m  [1m[34mSELECT `users`.* FROM `users` WHERE `users`.`id` = 1 LIMIT 1[0m
  ↳ app/controllers/users_controller.rb:68:in `set_user'
  Rendering users/show.html.erb within layouts/application
  [1m[36mActiveStorage::Attachment Load (1.3ms)[0m  [1m[34mSELECT `active_storage_attachments`.* FROM `active_storage_attachments` WHERE `active_storage_attachments`.`record_id` = 1 AND `active_storage_attachments`.`record_type` = 'User' AND `active_storage_attachments`.`name` = 'avatar' LIMIT 1[0m
  ↳ app/views/users/show.html.erb:9
  Rendered users/show.html.erb within layouts/application (Duration: 10.4ms | Allocations: 2827)
Completed 500 Internal Server Error in 29ms (ActiveRecord: 1.9ms | Allocations: 4720)


  
ActionView::Template::Error (Can't resolve image into URL: to_model delegated to attachment, but attachment is nil):
     6: </p>
     7: <p>
     8:   <strong>Name:</strong>
     9:   <%= image_tag @user.avatar %>
    10: </p>
    11: 
    12: <%= link_to 'Edit', edit_user_path(@user) %> |
  
app/views/users/show.html.erb:9
Started GET "/users/1" for 172.24.0.1 at 2020-05-16 14:26:06 +0000
Cannot render console from 172.24.0.1! Allowed networks: 127.0.0.0/127.255.255.255, ::1
Processing by UsersController#show as HTML
  Parameters: {"id"=>"1"}
  [1m[36mUser Load (0.4ms)[0m  [1m[34mSELECT `users`.* FROM `users` WHERE `users`.`id` = 1 LIMIT 1[0m
  ↳ app/controllers/users_controller.rb:68:in `set_user'
  Rendering users/show.html.erb within layouts/application
  [1m[36mActiveStorage::Attachment Load (0.5ms)[0m  [1m[34mSELECT `active_storage_attachments`.* FROM `active_storage_attachments` WHERE `active_storage_attachments`.`record_id` = 1 AND `active_storage_attachments`.`record_type` = 'User' AND `active_storage_attachments`.`name` = 'avatar' LIMIT 1[0m
  ↳ app/views/users/show.html.erb:9
  Rendered users/show.html.erb within layouts/application (Duration: 4.9ms | Allocations: 2640)
Completed 500 Internal Server Error in 11ms (ActiveRecord: 1.0ms | Allocations: 3741)


  
ActionView::Template::Error (Can't resolve image into URL: to_model delegated to attachment, but attachment is nil):
     6: </p>
     7: <p>
     8:   <strong>Name:</strong>
     9:   <%= image_tag @user.avatar %>
    10: </p>
    11: 
    12: <%= link_to 'Edit', edit_user_path(@user) %> |
  
app/views/users/show.html.erb:9
Started GET "/users/new" for 172.24.0.1 at 2020-05-16 14:26:09 +0000
Cannot render console from 172.24.0.1! Allowed networks: 127.0.0.0/127.255.255.255, ::1
Processing by UsersController#new as HTML
  Rendering users/new.html.erb within layouts/application
  Rendered users/_form.html.erb (Duration: 5.5ms | Allocations: 1028)
  Rendered users/new.html.erb within layouts/application (Duration: 14.9ms | Allocations: 1356)
[Webpacker] Everything's up-to-date. Nothing to do
Completed 200 OK in 132ms (Views: 127.0ms | ActiveRecord: 0.0ms | Allocations: 5549)


Started GET "/users" for 172.24.0.1 at 2020-05-16 14:26:11 +0000
Cannot render console from 172.24.0.1! Allowed networks: 127.0.0.0/127.255.255.255, ::1
Processing by UsersController#index as HTML
  Rendering users/index.html.erb within layouts/application
  [1m[36mUser Load (0.5ms)[0m  [1m[34mSELECT `users`.* FROM `users`[0m
  ↳ app/views/users/index.html.erb:14
  Rendered users/index.html.erb within layouts/application (Duration: 7.6ms | Allocations: 1052)
[Webpacker] Everything's up-to-date. Nothing to do
Completed 200 OK in 102ms (Views: 93.4ms | ActiveRecord: 0.5ms | Allocations: 5027)


Started GET "/users/1" for 172.24.0.1 at 2020-05-16 14:26:13 +0000
Cannot render console from 172.24.0.1! Allowed networks: 127.0.0.0/127.255.255.255, ::1
Processing by UsersController#show as HTML
  Parameters: {"id"=>"1"}
  [1m[36mUser Load (0.4ms)[0m  [1m[34mSELECT `users`.* FROM `users` WHERE `users`.`id` = 1 LIMIT 1[0m
  ↳ app/controllers/users_controller.rb:68:in `set_user'
  Rendering users/show.html.erb within layouts/application
  [1m[36mActiveStorage::Attachment Load (0.6ms)[0m  [1m[34mSELECT `active_storage_attachments`.* FROM `active_storage_attachments` WHERE `active_storage_attachments`.`record_id` = 1 AND `active_storage_attachments`.`record_type` = 'User' AND `active_storage_attachments`.`name` = 'avatar' LIMIT 1[0m
  ↳ app/views/users/show.html.erb:9
  Rendered users/show.html.erb within layouts/application (Duration: 5.3ms | Allocations: 2641)
Completed 500 Internal Server Error in 10ms (ActiveRecord: 0.9ms | Allocations: 3738)


  
ActionView::Template::Error (Can't resolve image into URL: to_model delegated to attachment, but attachment is nil):
     6: </p>
     7: <p>
     8:   <strong>Name:</strong>
     9:   <%= image_tag @user.avatar %>
    10: </p>
    11: 
    12: <%= link_to 'Edit', edit_user_path(@user) %> |
  
app/views/users/show.html.erb:9
Started GET "/users" for 172.24.0.1 at 2020-05-16 14:26:14 +0000
Cannot render console from 172.24.0.1! Allowed networks: 127.0.0.0/127.255.255.255, ::1
Processing by UsersController#index as HTML
  Rendering users/index.html.erb within layouts/application
  [1m[36mUser Load (0.5ms)[0m  [1m[34mSELECT `users`.* FROM `users`[0m
  ↳ app/views/users/index.html.erb:14
  Rendered users/index.html.erb within layouts/application (Duration: 3.3ms | Allocations: 806)
[Webpacker] Everything's up-to-date. Nothing to do
Completed 200 OK in 77ms (Views: 76.1ms | ActiveRecord: 0.5ms | Allocations: 4654)


Started GET "/users/1/edit" for 172.24.0.1 at 2020-05-16 14:26:15 +0000
Cannot render console from 172.24.0.1! Allowed networks: 127.0.0.0/127.255.255.255, ::1
Processing by UsersController#edit as HTML
  Parameters: {"id"=>"1"}
  [1m[36mUser Load (0.5ms)[0m  [1m[34mSELECT `users`.* FROM `users` WHERE `users`.`id` = 1 LIMIT 1[0m
  ↳ app/controllers/users_controller.rb:68:in `set_user'
  Rendering users/edit.html.erb within layouts/application
  Rendered users/_form.html.erb (Duration: 1.4ms | Allocations: 758)
  Rendered users/edit.html.erb within layouts/application (Duration: 4.5ms | Allocations: 996)
[Webpacker] Everything's up-to-date. Nothing to do
Completed 200 OK in 70ms (Views: 63.5ms | ActiveRecord: 0.5ms | Allocations: 5536)


Started PATCH "/users/1" for 172.24.0.1 at 2020-05-16 14:26:25 +0000
Cannot render console from 172.24.0.1! Allowed networks: 127.0.0.0/127.255.255.255, ::1
Processing by UsersController#update as HTML
  Parameters: {"authenticity_token"=>"sjws30jkEzW8Mdz1Vf3cARsEwYWYRre2VnsGKDZn/EPqyA36OCSIBlOjkfWG8036mxYE58kJ5lFx/lV62n8OPw==", "user"=>{"name"=>"duc", "avatar"=>#<ActionDispatch::Http::UploadedFile:0x00007fdf446e34c8 @tempfile=#<Tempfile:/tmp/RackMultipart20200516-1-18tnyqb.jpg>, @original_filename="thumbnail.jpg", @content_type="image/jpeg", @headers="Content-Disposition: form-data; name=\"user[avatar]\"; filename=\"thumbnail.jpg\"\r\nContent-Type: image/jpeg\r\n">}, "commit"=>"Update User", "id"=>"1"}
  [1m[36mUser Load (0.6ms)[0m  [1m[34mSELECT `users`.* FROM `users` WHERE `users`.`id` = 1 LIMIT 1[0m
  ↳ app/controllers/users_controller.rb:68:in `set_user'
  [1m[35m (0.3ms)[0m  [1m[35mBEGIN[0m
  ↳ app/controllers/users_controller.rb:45:in `block in update'
  [1m[36mActiveStorage::Blob Load (0.6ms)[0m  [1m[34mSELECT `active_storage_blobs`.* FROM `active_storage_blobs` INNER JOIN `active_storage_attachments` ON `active_storage_blobs`.`id` = `active_storage_attachments`.`blob_id` WHERE `active_storage_attachments`.`record_id` = 1 AND `active_storage_attachments`.`record_type` = 'User' AND `active_storage_attachments`.`name` = 'avatar' LIMIT 1[0m
  ↳ app/controllers/users_controller.rb:45:in `block in update'
  [1m[36mActiveStorage::Attachment Load (0.4ms)[0m  [1m[34mSELECT `active_storage_attachments`.* FROM `active_storage_attachments` WHERE `active_storage_attachments`.`record_id` = 1 AND `active_storage_attachments`.`record_type` = 'User' AND `active_storage_attachments`.`name` = 'avatar' LIMIT 1[0m
  ↳ app/controllers/users_controller.rb:45:in `block in update'
  [1m[36mActiveStorage::Blob Create (0.5ms)[0m  [1m[32mINSERT INTO `active_storage_blobs` (`key`, `filename`, `content_type`, `metadata`, `byte_size`, `checksum`, `created_at`) VALUES ('mn65dr7k8z5q0uhn2uqfat8x64nf', 'thumbnail.jpg', 'image/jpeg', '{\"identified\":true}', 11132, '6pelEmH7bW1TlYnOeZYAQQ==', '2020-05-16 14:26:25')[0m
  ↳ app/controllers/users_controller.rb:45:in `block in update'
  [1m[36mActiveStorage::Attachment Create (0.5ms)[0m  [1m[32mINSERT INTO `active_storage_attachments` (`name`, `record_type`, `record_id`, `blob_id`, `created_at`) VALUES ('avatar', 'User', 1, 2, '2020-05-16 14:26:25')[0m
  ↳ app/controllers/users_controller.rb:45:in `block in update'
  [1m[36mUser Update (0.5ms)[0m  [1m[33mUPDATE `users` SET `users`.`updated_at` = '2020-05-16 14:26:25.781007' WHERE `users`.`id` = 1[0m
  ↳ app/controllers/users_controller.rb:45:in `block in update'
  [1m[35m (1.9ms)[0m  [1m[35mCOMMIT[0m
  ↳ app/controllers/users_controller.rb:45:in `block in update'
[36m  Disk Storage (8.6ms) [0m[32mUploaded file to key: mn65dr7k8z5q0uhn2uqfat8x64nf (checksum: 6pelEmH7bW1TlYnOeZYAQQ==)[0m
[ActiveJob] Enqueued ActiveStorage::AnalyzeJob (Job ID: 8aa1831b-a527-4a4c-bdbc-ee2d437ba4d4) to Async(active_storage_analysis) with arguments: #<GlobalID:0x00007fdf4440c2b8 @uri=#<URI::GID gid://myapp/ActiveStorage::Blob/2>>
Redirected to http://lvh.me:3000/users/1
Completed 302 Found in 44ms (ActiveRecord: 5.4ms | Allocations: 11889)


  [1m[36mActiveStorage::Blob Load (0.6ms)[0m  [1m[34mSELECT `active_storage_blobs`.* FROM `active_storage_blobs` WHERE `active_storage_blobs`.`id` = 2 LIMIT 1[0m
[ActiveJob] [ActiveStorage::AnalyzeJob] [8aa1831b-a527-4a4c-bdbc-ee2d437ba4d4] Performing ActiveStorage::AnalyzeJob (Job ID: 8aa1831b-a527-4a4c-bdbc-ee2d437ba4d4) from Async(active_storage_analysis) enqueued at 2020-05-16T14:26:25Z with arguments: #<GlobalID:0x00007fdf443c04d0 @uri=#<URI::GID gid://myapp/ActiveStorage::Blob/2>>
Started GET "/users/1" for 172.24.0.1 at 2020-05-16 14:26:25 +0000
Cannot render console from 172.24.0.1! Allowed networks: 127.0.0.0/127.255.255.255, ::1
[ActiveJob] [ActiveStorage::AnalyzeJob] [8aa1831b-a527-4a4c-bdbc-ee2d437ba4d4] [36m  Disk Storage (4.1ms) [0m[34mDownloaded file from key: mn65dr7k8z5q0uhn2uqfat8x64nf[0m
Processing by UsersController#show as HTML
  Parameters: {"id"=>"1"}
  [1m[36mUser Load (0.6ms)[0m  [1m[34mSELECT `users`.* FROM `users` WHERE `users`.`id` = 1 LIMIT 1[0m
  ↳ app/controllers/users_controller.rb:68:in `set_user'
  Rendering users/show.html.erb within layouts/application
  [1m[36mActiveStorage::Attachment Load (0.5ms)[0m  [1m[34mSELECT `active_storage_attachments`.* FROM `active_storage_attachments` WHERE `active_storage_attachments`.`record_id` = 1 AND `active_storage_attachments`.`record_type` = 'User' AND `active_storage_attachments`.`name` = 'avatar' LIMIT 1[0m
  ↳ app/views/users/show.html.erb:9
  [1m[36mActiveStorage::Blob Load (0.5ms)[0m  [1m[34mSELECT `active_storage_blobs`.* FROM `active_storage_blobs` WHERE `active_storage_blobs`.`id` = 2 LIMIT 1[0m
  ↳ app/views/users/show.html.erb:9
  Rendered users/show.html.erb within layouts/application (Duration: 7.9ms | Allocations: 2570)
[ActiveJob] [ActiveStorage::AnalyzeJob] [8aa1831b-a527-4a4c-bdbc-ee2d437ba4d4] Skipping image analysis because the mini_magick gem isn't installed
[ActiveJob] [ActiveStorage::AnalyzeJob] [8aa1831b-a527-4a4c-bdbc-ee2d437ba4d4]   [1m[35m (0.3ms)[0m  [1m[35mBEGIN[0m
[ActiveJob] [ActiveStorage::AnalyzeJob] [8aa1831b-a527-4a4c-bdbc-ee2d437ba4d4]   [1m[36mActiveStorage::Blob Update (0.4ms)[0m  [1m[33mUPDATE `active_storage_blobs` SET `active_storage_blobs`.`metadata` = '{\"identified\":true,\"analyzed\":true}' WHERE `active_storage_blobs`.`id` = 2[0m
[ActiveJob] [ActiveStorage::AnalyzeJob] [8aa1831b-a527-4a4c-bdbc-ee2d437ba4d4]   [1m[35m (1.4ms)[0m  [1m[35mCOMMIT[0m
[ActiveJob] [ActiveStorage::AnalyzeJob] [8aa1831b-a527-4a4c-bdbc-ee2d437ba4d4] Performed ActiveStorage::AnalyzeJob (Job ID: 8aa1831b-a527-4a4c-bdbc-ee2d437ba4d4) from Async(active_storage_analysis) in 47.78ms
[Webpacker] Everything's up-to-date. Nothing to do
Completed 200 OK in 74ms (Views: 69.6ms | ActiveRecord: 1.6ms | Allocations: 12696)


Started GET "/rails/active_storage/blobs/eyJfcmFpbHMiOnsibWVzc2FnZSI6IkJBaHBCdz09IiwiZXhwIjpudWxsLCJwdXIiOiJibG9iX2lkIn19--5d06a8f494b76ac7d568a19da080faa36fab4af9/thumbnail.jpg" for 172.24.0.1 at 2020-05-16 14:26:25 +0000
Cannot render console from 172.24.0.1! Allowed networks: 127.0.0.0/127.255.255.255, ::1
Processing by ActiveStorage::BlobsController#show as JPEG
  Parameters: {"signed_id"=>"eyJfcmFpbHMiOnsibWVzc2FnZSI6IkJBaHBCdz09IiwiZXhwIjpudWxsLCJwdXIiOiJibG9iX2lkIn19--5d06a8f494b76ac7d568a19da080faa36fab4af9", "filename"=>"thumbnail"}
  [1m[36mActiveStorage::Blob Load (0.5ms)[0m  [1m[34mSELECT `active_storage_blobs`.* FROM `active_storage_blobs` WHERE `active_storage_blobs`.`id` = 2 LIMIT 1[0m
[36m  Disk Storage (0.8ms) [0m[34mGenerated URL for file at key: mn65dr7k8z5q0uhn2uqfat8x64nf (http://lvh.me:3000/rails/active_storage/disk/eyJfcmFpbHMiOnsibWVzc2FnZSI6IkJBaDdDRG9JYTJWNVNTSWhiVzQyTldSeU4yczRlalZ4TUhWb2JqSjFjV1poZERoNE5qUnVaZ1k2QmtWVU9oQmthWE53YjNOcGRHbHZia2tpUldsdWJHbHVaVHNnWm1sc1pXNWhiV1U5SW5Sb2RXMWlibUZwYkM1cWNHY2lPeUJtYVd4bGJtRnRaU285VlZSR0xUZ25KM1JvZFcxaWJtRnBiQzVxY0djR093WlVPaEZqYjI1MFpXNTBYM1I1Y0dWSklnOXBiV0ZuWlM5cWNHVm5CanNHVkE9PSIsImV4cCI6IjIwMjAtMDUtMTZUMTQ6MzE6MjYuMDE1WiIsInB1ciI6ImJsb2Jfa2V5In19--7a86ba10b8fff076a7e10278ae1113755eca3317/thumbnail.jpg?content_type=image%2Fjpeg&disposition=inline%3B+filename%3D%22thumbnail.jpg%22%3B+filename%2A%3DUTF-8%27%27thumbnail.jpg)[0m
Redirected to http://lvh.me:3000/rails/active_storage/disk/eyJfcmFpbHMiOnsibWVzc2FnZSI6IkJBaDdDRG9JYTJWNVNTSWhiVzQyTldSeU4yczRlalZ4TUhWb2JqSjFjV1poZERoNE5qUnVaZ1k2QmtWVU9oQmthWE53YjNOcGRHbHZia2tpUldsdWJHbHVaVHNnWm1sc1pXNWhiV1U5SW5Sb2RXMWlibUZwYkM1cWNHY2lPeUJtYVd4bGJtRnRaU285VlZSR0xUZ25KM1JvZFcxaWJtRnBiQzVxY0djR093WlVPaEZqYjI1MFpXNTBYM1I1Y0dWSklnOXBiV0ZuWlM5cWNHVm5CanNHVkE9PSIsImV4cCI6IjIwMjAtMDUtMTZUMTQ6MzE6MjYuMDE1WiIsInB1ciI6ImJsb2Jfa2V5In19--7a86ba10b8fff076a7e10278ae1113755eca3317/thumbnail.jpg?content_type=image%2Fjpeg&disposition=inline%3B+filename%3D%22thumbnail.jpg%22%3B+filename%2A%3DUTF-8%27%27thumbnail.jpg
Completed 302 Found in 12ms (ActiveRecord: 0.5ms | Allocations: 2290)


Started GET "/rails/active_storage/disk/eyJfcmFpbHMiOnsibWVzc2FnZSI6IkJBaDdDRG9JYTJWNVNTSWhiVzQyTldSeU4yczRlalZ4TUhWb2JqSjFjV1poZERoNE5qUnVaZ1k2QmtWVU9oQmthWE53YjNOcGRHbHZia2tpUldsdWJHbHVaVHNnWm1sc1pXNWhiV1U5SW5Sb2RXMWlibUZwYkM1cWNHY2lPeUJtYVd4bGJtRnRaU285VlZSR0xUZ25KM1JvZFcxaWJtRnBiQzVxY0djR093WlVPaEZqYjI1MFpXNTBYM1I1Y0dWSklnOXBiV0ZuWlM5cWNHVm5CanNHVkE9PSIsImV4cCI6IjIwMjAtMDUtMTZUMTQ6MzE6MjYuMDE1WiIsInB1ciI6ImJsb2Jfa2V5In19--7a86ba10b8fff076a7e10278ae1113755eca3317/thumbnail.jpg?content_type=image%2Fjpeg&disposition=inline%3B+filename%3D%22thumbnail.jpg%22%3B+filename%2A%3DUTF-8%27%27thumbnail.jpg" for 172.24.0.1 at 2020-05-16 14:26:26 +0000
Cannot render console from 172.24.0.1! Allowed networks: 127.0.0.0/127.255.255.255, ::1
Processing by ActiveStorage::DiskController#show as JPEG
  Parameters: {"content_type"=>"image/jpeg", "disposition"=>"inline; filename=\"thumbnail.jpg\"; filename*=UTF-8''thumbnail.jpg", "encoded_key"=>"eyJfcmFpbHMiOnsibWVzc2FnZSI6IkJBaDdDRG9JYTJWNVNTSWhiVzQyTldSeU4yczRlalZ4TUhWb2JqSjFjV1poZERoNE5qUnVaZ1k2QmtWVU9oQmthWE53YjNOcGRHbHZia2tpUldsdWJHbHVaVHNnWm1sc1pXNWhiV1U5SW5Sb2RXMWlibUZwYkM1cWNHY2lPeUJtYVd4bGJtRnRaU285VlZSR0xUZ25KM1JvZFcxaWJtRnBiQzVxY0djR093WlVPaEZqYjI1MFpXNTBYM1I1Y0dWSklnOXBiV0ZuWlM5cWNHVm5CanNHVkE9PSIsImV4cCI6IjIwMjAtMDUtMTZUMTQ6MzE6MjYuMDE1WiIsInB1ciI6ImJsb2Jfa2V5In19--7a86ba10b8fff076a7e10278ae1113755eca3317", "filename"=>"thumbnail"}
Completed 200 OK in 3ms (ActiveRecord: 0.0ms | Allocations: 479)


Started GET "/users/1" for 172.24.0.1 at 2020-05-16 14:26:28 +0000
Cannot render console from 172.24.0.1! Allowed networks: 127.0.0.0/127.255.255.255, ::1
Processing by UsersController#show as HTML
  Parameters: {"id"=>"1"}
  [1m[36mUser Load (0.5ms)[0m  [1m[34mSELECT `users`.* FROM `users` WHERE `users`.`id` = 1 LIMIT 1[0m
  ↳ app/controllers/users_controller.rb:68:in `set_user'
  Rendering users/show.html.erb within layouts/application
  [1m[36mActiveStorage::Attachment Load (0.4ms)[0m  [1m[34mSELECT `active_storage_attachments`.* FROM `active_storage_attachments` WHERE `active_storage_attachments`.`record_id` = 1 AND `active_storage_attachments`.`record_type` = 'User' AND `active_storage_attachments`.`name` = 'avatar' LIMIT 1[0m
  ↳ app/views/users/show.html.erb:9
  [1m[36mActiveStorage::Blob Load (0.5ms)[0m  [1m[34mSELECT `active_storage_blobs`.* FROM `active_storage_blobs` WHERE `active_storage_blobs`.`id` = 2 LIMIT 1[0m
  ↳ app/views/users/show.html.erb:9
  Rendered users/show.html.erb within layouts/application (Duration: 6.6ms | Allocations: 2161)
[Webpacker] Everything's up-to-date. Nothing to do
Completed 200 OK in 71ms (Views: 66.6ms | ActiveRecord: 1.4ms | Allocations: 6573)


Started GET "/rails/active_storage/disk/eyJfcmFpbHMiOnsibWVzc2FnZSI6IkJBaDdDRG9JYTJWNVNTSWhiVzQyTldSeU4yczRlalZ4TUhWb2JqSjFjV1poZERoNE5qUnVaZ1k2QmtWVU9oQmthWE53YjNOcGRHbHZia2tpUldsdWJHbHVaVHNnWm1sc1pXNWhiV1U5SW5Sb2RXMWlibUZwYkM1cWNHY2lPeUJtYVd4bGJtRnRaU285VlZSR0xUZ25KM1JvZFcxaWJtRnBiQzVxY0djR093WlVPaEZqYjI1MFpXNTBYM1I1Y0dWSklnOXBiV0ZuWlM5cWNHVm5CanNHVkE9PSIsImV4cCI6IjIwMjAtMDUtMTZUMTQ6MzE6MjYuMDE1WiIsInB1ciI6ImJsb2Jfa2V5In19--7a86ba10b8fff076a7e10278ae1113755eca3317/thumbnail.jpg?content_type=image%2Fjpeg&disposition=inline%3B+filename%3D%22thumbnail.jpg%22%3B+filename%2A%3DUTF-8%27%27thumbnail.jpg" for 172.24.0.1 at 2020-05-16 14:26:28 +0000
Cannot render console from 172.24.0.1! Allowed networks: 127.0.0.0/127.255.255.255, ::1
Processing by ActiveStorage::DiskController#show as JPEG
  Parameters: {"content_type"=>"image/jpeg", "disposition"=>"inline; filename=\"thumbnail.jpg\"; filename*=UTF-8''thumbnail.jpg", "encoded_key"=>"eyJfcmFpbHMiOnsibWVzc2FnZSI6IkJBaDdDRG9JYTJWNVNTSWhiVzQyTldSeU4yczRlalZ4TUhWb2JqSjFjV1poZERoNE5qUnVaZ1k2QmtWVU9oQmthWE53YjNOcGRHbHZia2tpUldsdWJHbHVaVHNnWm1sc1pXNWhiV1U5SW5Sb2RXMWlibUZwYkM1cWNHY2lPeUJtYVd4bGJtRnRaU285VlZSR0xUZ25KM1JvZFcxaWJtRnBiQzVxY0djR093WlVPaEZqYjI1MFpXNTBYM1I1Y0dWSklnOXBiV0ZuWlM5cWNHVm5CanNHVkE9PSIsImV4cCI6IjIwMjAtMDUtMTZUMTQ6MzE6MjYuMDE1WiIsInB1ciI6ImJsb2Jfa2V5In19--7a86ba10b8fff076a7e10278ae1113755eca3317", "filename"=>"thumbnail"}
Completed 304 Not Modified in 3ms (ActiveRecord: 0.0ms | Allocations: 427)


Started GET "/users" for 172.24.0.1 at 2020-05-16 14:26:30 +0000
Cannot render console from 172.24.0.1! Allowed networks: 127.0.0.0/127.255.255.255, ::1
Processing by UsersController#index as HTML
  Rendering users/index.html.erb within layouts/application
  [1m[36mUser Load (0.5ms)[0m  [1m[34mSELECT `users`.* FROM `users`[0m
  ↳ app/views/users/index.html.erb:14
  Rendered users/index.html.erb within layouts/application (Duration: 3.8ms | Allocations: 808)
[Webpacker] Everything's up-to-date. Nothing to do
Completed 200 OK in 92ms (Views: 90.6ms | ActiveRecord: 0.5ms | Allocations: 4660)


Started GET "/users/1" for 172.24.0.1 at 2020-05-16 14:26:32 +0000
Cannot render console from 172.24.0.1! Allowed networks: 127.0.0.0/127.255.255.255, ::1
Processing by UsersController#show as HTML
  Parameters: {"id"=>"1"}
  [1m[36mUser Load (0.4ms)[0m  [1m[34mSELECT `users`.* FROM `users` WHERE `users`.`id` = 1 LIMIT 1[0m
  ↳ app/controllers/users_controller.rb:68:in `set_user'
  Rendering users/show.html.erb within layouts/application
  [1m[36mActiveStorage::Attachment Load (0.6ms)[0m  [1m[34mSELECT `active_storage_attachments`.* FROM `active_storage_attachments` WHERE `active_storage_attachments`.`record_id` = 1 AND `active_storage_attachments`.`record_type` = 'User' AND `active_storage_attachments`.`name` = 'avatar' LIMIT 1[0m
  ↳ app/views/users/show.html.erb:9
  [1m[36mActiveStorage::Blob Load (0.5ms)[0m  [1m[34mSELECT `active_storage_blobs`.* FROM `active_storage_blobs` WHERE `active_storage_blobs`.`id` = 2 LIMIT 1[0m
  ↳ app/views/users/show.html.erb:9
  Rendered users/show.html.erb within layouts/application (Duration: 7.8ms | Allocations: 2162)
[Webpacker] Everything's up-to-date. Nothing to do
Completed 200 OK in 87ms (Views: 82.0ms | ActiveRecord: 1.5ms | Allocations: 6557)


Started GET "/rails/active_storage/disk/eyJfcmFpbHMiOnsibWVzc2FnZSI6IkJBaDdDRG9JYTJWNVNTSWhiVzQyTldSeU4yczRlalZ4TUhWb2JqSjFjV1poZERoNE5qUnVaZ1k2QmtWVU9oQmthWE53YjNOcGRHbHZia2tpUldsdWJHbHVaVHNnWm1sc1pXNWhiV1U5SW5Sb2RXMWlibUZwYkM1cWNHY2lPeUJtYVd4bGJtRnRaU285VlZSR0xUZ25KM1JvZFcxaWJtRnBiQzVxY0djR093WlVPaEZqYjI1MFpXNTBYM1I1Y0dWSklnOXBiV0ZuWlM5cWNHVm5CanNHVkE9PSIsImV4cCI6IjIwMjAtMDUtMTZUMTQ6MzE6MjYuMDE1WiIsInB1ciI6ImJsb2Jfa2V5In19--7a86ba10b8fff076a7e10278ae1113755eca3317/thumbnail.jpg?content_type=image%2Fjpeg&disposition=inline%3B+filename%3D%22thumbnail.jpg%22%3B+filename%2A%3DUTF-8%27%27thumbnail.jpg" for 172.24.0.1 at 2020-05-16 14:26:33 +0000
Cannot render console from 172.24.0.1! Allowed networks: 127.0.0.0/127.255.255.255, ::1
Processing by ActiveStorage::DiskController#show as JPEG
  Parameters: {"content_type"=>"image/jpeg", "disposition"=>"inline; filename=\"thumbnail.jpg\"; filename*=UTF-8''thumbnail.jpg", "encoded_key"=>"eyJfcmFpbHMiOnsibWVzc2FnZSI6IkJBaDdDRG9JYTJWNVNTSWhiVzQyTldSeU4yczRlalZ4TUhWb2JqSjFjV1poZERoNE5qUnVaZ1k2QmtWVU9oQmthWE53YjNOcGRHbHZia2tpUldsdWJHbHVaVHNnWm1sc1pXNWhiV1U5SW5Sb2RXMWlibUZwYkM1cWNHY2lPeUJtYVd4bGJtRnRaU285VlZSR0xUZ25KM1JvZFcxaWJtRnBiQzVxY0djR093WlVPaEZqYjI1MFpXNTBYM1I1Y0dWSklnOXBiV0ZuWlM5cWNHVm5CanNHVkE9PSIsImV4cCI6IjIwMjAtMDUtMTZUMTQ6MzE6MjYuMDE1WiIsInB1ciI6ImJsb2Jfa2V5In19--7a86ba10b8fff076a7e10278ae1113755eca3317", "filename"=>"thumbnail"}
Completed 304 Not Modified in 3ms (ActiveRecord: 0.0ms | Allocations: 423)


Started GET "/users" for 172.24.0.1 at 2020-05-16 14:26:34 +0000
Cannot render console from 172.24.0.1! Allowed networks: 127.0.0.0/127.255.255.255, ::1
Processing by UsersController#index as HTML
  Rendering users/index.html.erb within layouts/application
  [1m[36mUser Load (0.6ms)[0m  [1m[34mSELECT `users`.* FROM `users`[0m
  ↳ app/views/users/index.html.erb:14
  Rendered users/index.html.erb within layouts/application (Duration: 3.2ms | Allocations: 807)
[Webpacker] Everything's up-to-date. Nothing to do
Completed 200 OK in 75ms (Views: 73.4ms | ActiveRecord: 0.6ms | Allocations: 4647)


Started GET "/users/new" for 172.24.0.1 at 2020-05-16 14:26:36 +0000
Cannot render console from 172.24.0.1! Allowed networks: 127.0.0.0/127.255.255.255, ::1
Processing by UsersController#new as HTML
  Rendering users/new.html.erb within layouts/application
  Rendered users/_form.html.erb (Duration: 1.6ms | Allocations: 689)
  Rendered users/new.html.erb within layouts/application (Duration: 2.6ms | Allocations: 771)
[Webpacker] Everything's up-to-date. Nothing to do
Completed 200 OK in 82ms (Views: 80.8ms | ActiveRecord: 0.0ms | Allocations: 4608)


Started POST "/users" for 172.24.0.1 at 2020-05-16 14:26:43 +0000
Cannot render console from 172.24.0.1! Allowed networks: 127.0.0.0/127.255.255.255, ::1
Processing by UsersController#create as HTML
  Parameters: {"authenticity_token"=>"iuDlkj0n8hwy/LZI4BOx3d//QjX+AlslbVvXG/FblPWupmDPhN1AwS/IbqsvjMoJsd8IGOktu+/BEzE4YfZ9gg==", "user"=>{"name"=>"ff", "avatar"=>#<ActionDispatch::Http::UploadedFile:0x00007fdf447e1d48 @tempfile=#<Tempfile:/tmp/RackMultipart20200516-1-7yoa51.jpg>, @original_filename="sm_5aeedf0005b7a.jpg", @content_type="image/jpeg", @headers="Content-Disposition: form-data; name=\"user[avatar]\"; filename=\"sm_5aeedf0005b7a.jpg\"\r\nContent-Type: image/jpeg\r\n">}, "commit"=>"Create User"}
  [1m[35m (0.4ms)[0m  [1m[35mBEGIN[0m
  ↳ app/controllers/users_controller.rb:30:in `block in create'
  [1m[36mUser Create (0.4ms)[0m  [1m[32mINSERT INTO `users` (`name`, `created_at`, `updated_at`) VALUES ('ff', '2020-05-16 14:26:43.922129', '2020-05-16 14:26:43.922129')[0m
  ↳ app/controllers/users_controller.rb:30:in `block in create'
  [1m[36mActiveStorage::Blob Load (0.6ms)[0m  [1m[34mSELECT `active_storage_blobs`.* FROM `active_storage_blobs` INNER JOIN `active_storage_attachments` ON `active_storage_blobs`.`id` = `active_storage_attachments`.`blob_id` WHERE `active_storage_attachments`.`record_id` = 2 AND `active_storage_attachments`.`record_type` = 'User' AND `active_storage_attachments`.`name` = 'avatar' LIMIT 1[0m
  ↳ app/controllers/users_controller.rb:30:in `block in create'
  [1m[36mActiveStorage::Attachment Load (0.4ms)[0m  [1m[34mSELECT `active_storage_attachments`.* FROM `active_storage_attachments` WHERE `active_storage_attachments`.`record_id` = 2 AND `active_storage_attachments`.`record_type` = 'User' AND `active_storage_attachments`.`name` = 'avatar' LIMIT 1[0m
  ↳ app/controllers/users_controller.rb:30:in `block in create'
  [1m[36mActiveStorage::Blob Create (0.4ms)[0m  [1m[32mINSERT INTO `active_storage_blobs` (`key`, `filename`, `content_type`, `metadata`, `byte_size`, `checksum`, `created_at`) VALUES ('diginsprhl6ntyb1mlpz8wjnlaqn', 'sm_5aeedf0005b7a.jpg', 'image/jpeg', '{\"identified\":true}', 14054, '6rYDnu60hej68rz6L5t7NQ==', '2020-05-16 14:26:43')[0m
  ↳ app/controllers/users_controller.rb:30:in `block in create'
  [1m[36mActiveStorage::Attachment Create (0.5ms)[0m  [1m[32mINSERT INTO `active_storage_attachments` (`name`, `record_type`, `record_id`, `blob_id`, `created_at`) VALUES ('avatar', 'User', 2, 3, '2020-05-16 14:26:43')[0m
  ↳ app/controllers/users_controller.rb:30:in `block in create'
  [1m[36mUser Update (0.4ms)[0m  [1m[33mUPDATE `users` SET `users`.`updated_at` = '2020-05-16 14:26:43.945405' WHERE `users`.`id` = 2[0m
  ↳ app/controllers/users_controller.rb:30:in `block in create'
  [1m[35m (1.6ms)[0m  [1m[35mCOMMIT[0m
  ↳ app/controllers/users_controller.rb:30:in `block in create'
[36m  Disk Storage (11.5ms) [0m[32mUploaded file to key: diginsprhl6ntyb1mlpz8wjnlaqn (checksum: 6rYDnu60hej68rz6L5t7NQ==)[0m
[ActiveJob] Enqueued ActiveStorage::AnalyzeJob (Job ID: b97dd3a5-0a56-45de-9d26-0b7c4c7a034b) to Async(active_storage_analysis) with arguments: #<GlobalID:0x00007fdf44607860 @uri=#<URI::GID gid://myapp/ActiveStorage::Blob/3>>
  [1m[35m (0.3ms)[0m  [1m[35mBEGIN[0m
  ↳ app/controllers/users_controller.rb:31:in `block in create'
  [1m[36mActiveStorage::Blob Load (0.7ms)[0m  [1m[34mSELECT `active_storage_blobs`.* FROM `active_storage_blobs` WHERE `active_storage_blobs`.`id` = 3 LIMIT 1[0m
[ActiveJob] [ActiveStorage::AnalyzeJob] [b97dd3a5-0a56-45de-9d26-0b7c4c7a034b] Performing ActiveStorage::AnalyzeJob (Job ID: b97dd3a5-0a56-45de-9d26-0b7c4c7a034b) from Async(active_storage_analysis) enqueued at 2020-05-16T14:26:43Z with arguments: #<GlobalID:0x00007fdf446fbac8 @uri=#<URI::GID gid://myapp/ActiveStorage::Blob/3>>
  [1m[36mActiveStorage::Attachment Destroy (2.0ms)[0m  [1m[31mDELETE FROM `active_storage_attachments` WHERE `active_storage_attachments`.`id` = 3[0m
  ↳ app/controllers/users_controller.rb:31:in `block in create'
  [1m[36mUser Update (0.7ms)[0m  [1m[33mUPDATE `users` SET `users`.`updated_at` = '2020-05-16 14:26:43.980294' WHERE `users`.`id` = 2[0m
  ↳ app/controllers/users_controller.rb:31:in `block in create'
[ActiveJob] [ActiveStorage::AnalyzeJob] [b97dd3a5-0a56-45de-9d26-0b7c4c7a034b] [36m  Disk Storage (7.0ms) [0m[34mDownloaded file from key: diginsprhl6ntyb1mlpz8wjnlaqn[0m
[ActiveJob] [ActiveStorage::AnalyzeJob] [b97dd3a5-0a56-45de-9d26-0b7c4c7a034b] Skipping image analysis because the mini_magick gem isn't installed
  [1m[35m (13.4ms)[0m  [1m[35mCOMMIT[0m
[ActiveJob] [ActiveStorage::AnalyzeJob] [b97dd3a5-0a56-45de-9d26-0b7c4c7a034b]   [1m[35m (0.4ms)[0m  [1m[35mBEGIN[0m
  ↳ app/controllers/users_controller.rb:31:in `block in create'
[ActiveJob] [ActiveStorage::AnalyzeJob] [b97dd3a5-0a56-45de-9d26-0b7c4c7a034b]   [1m[36mActiveStorage::Blob Update (0.5ms)[0m  [1m[33mUPDATE `active_storage_blobs` SET `active_storage_blobs`.`metadata` = '{\"identified\":true,\"analyzed\":true}' WHERE `active_storage_blobs`.`id` = 3[0m
[ActiveJob] Enqueued ActiveStorage::PurgeJob (Job ID: d81acf7b-2fb8-4625-a3ca-e0ca1f97f08e) to Async(active_storage_purge) with arguments: #<GlobalID:0x00007fdf445d38f8 @uri=#<URI::GID gid://myapp/ActiveStorage::Blob/3>>
Redirected to http://lvh.me:3000/users/2
[ActiveJob] [ActiveStorage::AnalyzeJob] [b97dd3a5-0a56-45de-9d26-0b7c4c7a034b]   [1m[35m (1.3ms)[0m  [1m[35mCOMMIT[0m
[ActiveJob] [ActiveStorage::AnalyzeJob] [b97dd3a5-0a56-45de-9d26-0b7c4c7a034b] Performed ActiveStorage::AnalyzeJob (Job ID: b97dd3a5-0a56-45de-9d26-0b7c4c7a034b) from Async(active_storage_analysis) in 33.92ms
Completed 302 Found in 88ms (ActiveRecord: 21.1ms | Allocations: 20445)


  [1m[36mActiveStorage::Blob Load (1.4ms)[0m  [1m[34mSELECT `active_storage_blobs`.* FROM `active_storage_blobs` WHERE `active_storage_blobs`.`id` = 3 LIMIT 1[0m
[ActiveJob] [ActiveStorage::PurgeJob] [d81acf7b-2fb8-4625-a3ca-e0ca1f97f08e] Performing ActiveStorage::PurgeJob (Job ID: d81acf7b-2fb8-4625-a3ca-e0ca1f97f08e) from Async(active_storage_purge) enqueued at 2020-05-16T14:26:44Z with arguments: #<GlobalID:0x00007fdf4450fa48 @uri=#<URI::GID gid://myapp/ActiveStorage::Blob/3>>
[ActiveJob] [ActiveStorage::PurgeJob] [d81acf7b-2fb8-4625-a3ca-e0ca1f97f08e]   [1m[35m (0.3ms)[0m  [1m[35mBEGIN[0m
[ActiveJob] [ActiveStorage::PurgeJob] [d81acf7b-2fb8-4625-a3ca-e0ca1f97f08e]   [1m[36mActiveStorage::Attachment Exists? (0.7ms)[0m  [1m[34mSELECT 1 AS one FROM `active_storage_attachments` WHERE `active_storage_attachments`.`blob_id` = 3 LIMIT 1[0m
Started GET "/users/2" for 172.24.0.1 at 2020-05-16 14:26:44 +0000
[ActiveJob] [ActiveStorage::PurgeJob] [d81acf7b-2fb8-4625-a3ca-e0ca1f97f08e]   [1m[36mActiveStorage::Attachment Load (0.7ms)[0m  [1m[34mSELECT `active_storage_attachments`.* FROM `active_storage_attachments` WHERE `active_storage_attachments`.`record_id` = 3 AND `active_storage_attachments`.`record_type` = 'ActiveStorage::Blob' AND `active_storage_attachments`.`name` = 'preview_image' LIMIT 1[0m
Cannot render console from 172.24.0.1! Allowed networks: 127.0.0.0/127.255.255.255, ::1
[ActiveJob] [ActiveStorage::PurgeJob] [d81acf7b-2fb8-4625-a3ca-e0ca1f97f08e]   [1m[36mActiveStorage::Blob Destroy (0.4ms)[0m  [1m[31mDELETE FROM `active_storage_blobs` WHERE `active_storage_blobs`.`id` = 3[0m
[ActiveJob] [ActiveStorage::PurgeJob] [d81acf7b-2fb8-4625-a3ca-e0ca1f97f08e]   [1m[35m (1.5ms)[0m  [1m[35mCOMMIT[0m
[ActiveJob] [ActiveStorage::PurgeJob] [d81acf7b-2fb8-4625-a3ca-e0ca1f97f08e] [36m  Disk Storage (3.4ms) [0m[31mDeleted file from key: diginsprhl6ntyb1mlpz8wjnlaqn[0m
Processing by UsersController#show as HTML
[ActiveJob] [ActiveStorage::PurgeJob] [d81acf7b-2fb8-4625-a3ca-e0ca1f97f08e] [36m  Disk Storage (0.8ms) [0m[31mDeleted files by key prefix: variants/diginsprhl6ntyb1mlpz8wjnlaqn/[0m
[ActiveJob] [ActiveStorage::PurgeJob] [d81acf7b-2fb8-4625-a3ca-e0ca1f97f08e] Performed ActiveStorage::PurgeJob (Job ID: d81acf7b-2fb8-4625-a3ca-e0ca1f97f08e) from Async(active_storage_purge) in 23.88ms
  Parameters: {"id"=>"2"}
  [1m[36mUser Load (0.3ms)[0m  [1m[34mSELECT `users`.* FROM `users` WHERE `users`.`id` = 2 LIMIT 1[0m
  ↳ app/controllers/users_controller.rb:68:in `set_user'
  Rendering users/show.html.erb within layouts/application
  [1m[36mActiveStorage::Attachment Load (0.3ms)[0m  [1m[34mSELECT `active_storage_attachments`.* FROM `active_storage_attachments` WHERE `active_storage_attachments`.`record_id` = 2 AND `active_storage_attachments`.`record_type` = 'User' AND `active_storage_attachments`.`name` = 'avatar' LIMIT 1[0m
  ↳ app/views/users/show.html.erb:9
  Rendered users/show.html.erb within layouts/application (Duration: 3.2ms | Allocations: 2640)
Completed 500 Internal Server Error in 7ms (ActiveRecord: 0.6ms | Allocations: 3755)


  
ActionView::Template::Error (Can't resolve image into URL: to_model delegated to attachment, but attachment is nil):
     6: </p>
     7: <p>
     8:   <strong>Name:</strong>
     9:   <%= image_tag @user.avatar %>
    10: </p>
    11: 
    12: <%= link_to 'Edit', edit_user_path(@user) %> |
  
app/views/users/show.html.erb:9
Started POST "/users" for 172.24.0.1 at 2020-05-16 14:26:57 +0000
Cannot render console from 172.24.0.1! Allowed networks: 127.0.0.0/127.255.255.255, ::1
Processing by UsersController#create as HTML
  Parameters: {"authenticity_token"=>"nfQMH2/8ZVKtkcAEA1d+jR7Ks5MxaF9xhl4FNz+CbBGNOHX/pW8gq3dBh4Glgx86Rd6VaJL8IMA+PHv6AwwWiw==", "user"=>{"name"=>"ff", "avatar"=>#<ActionDispatch::Http::UploadedFile:0x00007fdf0c0dc850 @tempfile=#<Tempfile:/tmp/RackMultipart20200516-1-1olnxas.png>, @original_filename="snapshot.png", @content_type="image/png", @headers="Content-Disposition: form-data; name=\"user[avatar]\"; filename=\"snapshot.png\"\r\nContent-Type: image/png\r\n">}, "commit"=>"Create User"}
  [1m[35m (0.3ms)[0m  [1m[35mBEGIN[0m
  ↳ app/controllers/users_controller.rb:30:in `block in create'
  [1m[36mUser Create (0.4ms)[0m  [1m[32mINSERT INTO `users` (`name`, `created_at`, `updated_at`) VALUES ('ff', '2020-05-16 14:26:57.724472', '2020-05-16 14:26:57.724472')[0m
  ↳ app/controllers/users_controller.rb:30:in `block in create'
  [1m[36mActiveStorage::Blob Load (0.5ms)[0m  [1m[34mSELECT `active_storage_blobs`.* FROM `active_storage_blobs` INNER JOIN `active_storage_attachments` ON `active_storage_blobs`.`id` = `active_storage_attachments`.`blob_id` WHERE `active_storage_attachments`.`record_id` = 3 AND `active_storage_attachments`.`record_type` = 'User' AND `active_storage_attachments`.`name` = 'avatar' LIMIT 1[0m
  ↳ app/controllers/users_controller.rb:30:in `block in create'
  [1m[36mActiveStorage::Attachment Load (0.5ms)[0m  [1m[34mSELECT `active_storage_attachments`.* FROM `active_storage_attachments` WHERE `active_storage_attachments`.`record_id` = 3 AND `active_storage_attachments`.`record_type` = 'User' AND `active_storage_attachments`.`name` = 'avatar' LIMIT 1[0m
  ↳ app/controllers/users_controller.rb:30:in `block in create'
  [1m[36mActiveStorage::Blob Create (0.4ms)[0m  [1m[32mINSERT INTO `active_storage_blobs` (`key`, `filename`, `content_type`, `metadata`, `byte_size`, `checksum`, `created_at`) VALUES ('spytq3bo1r40iorcdeq3ooiz9y52', 'snapshot.png', 'image/png', '{\"identified\":true}', 217311, '2YqmE98sWN+KX1LNFElOeg==', '2020-05-16 14:26:57')[0m
  ↳ app/controllers/users_controller.rb:30:in `block in create'
  [1m[36mActiveStorage::Attachment Create (0.5ms)[0m  [1m[32mINSERT INTO `active_storage_attachments` (`name`, `record_type`, `record_id`, `blob_id`, `created_at`) VALUES ('avatar', 'User', 3, 4, '2020-05-16 14:26:57')[0m
  ↳ app/controllers/users_controller.rb:30:in `block in create'
  [1m[36mUser Update (0.5ms)[0m  [1m[33mUPDATE `users` SET `users`.`updated_at` = '2020-05-16 14:26:57.746323' WHERE `users`.`id` = 3[0m
  ↳ app/controllers/users_controller.rb:30:in `block in create'
  [1m[35m (1.5ms)[0m  [1m[35mCOMMIT[0m
  ↳ app/controllers/users_controller.rb:30:in `block in create'
[36m  Disk Storage (25.0ms) [0m[32mUploaded file to key: spytq3bo1r40iorcdeq3ooiz9y52 (checksum: 2YqmE98sWN+KX1LNFElOeg==)[0m
[ActiveJob] Enqueued ActiveStorage::AnalyzeJob (Job ID: dbe33ebc-a5a1-43c2-963f-4a7571365273) to Async(active_storage_analysis) with arguments: #<GlobalID:0x00007fdf448aa090 @uri=#<URI::GID gid://myapp/ActiveStorage::Blob/4>>
  [1m[35m (0.3ms)[0m  [1m[35mBEGIN[0m
  ↳ app/controllers/users_controller.rb:31:in `block in create'
  [1m[36mActiveStorage::Blob Load (0.4ms)[0m  [1m[34mSELECT `active_storage_blobs`.* FROM `active_storage_blobs` WHERE `active_storage_blobs`.`id` = 4 LIMIT 1[0m
  [1m[36mActiveStorage::Attachment Destroy (0.5ms)[0m  [1m[31mDELETE FROM `active_storage_attachments` WHERE `active_storage_attachments`.`id` = 4[0m
[ActiveJob] [ActiveStorage::AnalyzeJob] [dbe33ebc-a5a1-43c2-963f-4a7571365273] Performing ActiveStorage::AnalyzeJob (Job ID: dbe33ebc-a5a1-43c2-963f-4a7571365273) from Async(active_storage_analysis) enqueued at 2020-05-16T14:26:57Z with arguments: #<GlobalID:0x00007fdf44872898 @uri=#<URI::GID gid://myapp/ActiveStorage::Blob/4>>
  ↳ app/controllers/users_controller.rb:31:in `block in create'
  [1m[36mUser Update (0.4ms)[0m  [1m[33mUPDATE `users` SET `users`.`updated_at` = '2020-05-16 14:26:57.787848' WHERE `users`.`id` = 3[0m
  ↳ app/controllers/users_controller.rb:31:in `block in create'
  [1m[35m (1.4ms)[0m  [1m[35mCOMMIT[0m
  ↳ app/controllers/users_controller.rb:31:in `block in create'
[ActiveJob] Enqueued ActiveStorage::PurgeJob (Job ID: e5361794-a916-43d4-8ab9-b597d6f7c866) to Async(active_storage_purge) with arguments: #<GlobalID:0x00007fdf448418b0 @uri=#<URI::GID gid://myapp/ActiveStorage::Blob/4>>
[ActiveJob] [ActiveStorage::AnalyzeJob] [dbe33ebc-a5a1-43c2-963f-4a7571365273] [36m  Disk Storage (6.0ms) [0m[34mDownloaded file from key: spytq3bo1r40iorcdeq3ooiz9y52[0m
Redirected to http://lvh.me:3000/users/3
Completed 302 Found in 74ms (ActiveRecord: 7.3ms | Allocations: 17140)


  [1m[36mActiveStorage::Blob Load (0.6ms)[0m  [1m[34mSELECT `active_storage_blobs`.* FROM `active_storage_blobs` WHERE `active_storage_blobs`.`id` = 4 LIMIT 1[0m
[ActiveJob] [ActiveStorage::PurgeJob] [e5361794-a916-43d4-8ab9-b597d6f7c866] Performing ActiveStorage::PurgeJob (Job ID: e5361794-a916-43d4-8ab9-b597d6f7c866) from Async(active_storage_purge) enqueued at 2020-05-16T14:26:57Z with arguments: #<GlobalID:0x00007fdf447a8ae8 @uri=#<URI::GID gid://myapp/ActiveStorage::Blob/4>>
[ActiveJob] [ActiveStorage::PurgeJob] [e5361794-a916-43d4-8ab9-b597d6f7c866]   [1m[35m (0.6ms)[0m  [1m[35mBEGIN[0m
[ActiveJob] [ActiveStorage::PurgeJob] [e5361794-a916-43d4-8ab9-b597d6f7c866]   [1m[36mActiveStorage::Attachment Exists? (0.6ms)[0m  [1m[34mSELECT 1 AS one FROM `active_storage_attachments` WHERE `active_storage_attachments`.`blob_id` = 4 LIMIT 1[0m
Started GET "/users/3" for 172.24.0.1 at 2020-05-16 14:26:57 +0000
[ActiveJob] [ActiveStorage::PurgeJob] [e5361794-a916-43d4-8ab9-b597d6f7c866]   [1m[36mActiveStorage::Attachment Load (0.6ms)[0m  [1m[34mSELECT `active_storage_attachments`.* FROM `active_storage_attachments` WHERE `active_storage_attachments`.`record_id` = 4 AND `active_storage_attachments`.`record_type` = 'ActiveStorage::Blob' AND `active_storage_attachments`.`name` = 'preview_image' LIMIT 1[0m
Cannot render console from 172.24.0.1! Allowed networks: 127.0.0.0/127.255.255.255, ::1
[ActiveJob] [ActiveStorage::PurgeJob] [e5361794-a916-43d4-8ab9-b597d6f7c866]   [1m[36mActiveStorage::Blob Destroy (0.4ms)[0m  [1m[31mDELETE FROM `active_storage_blobs` WHERE `active_storage_blobs`.`id` = 4[0m
[ActiveJob] [ActiveStorage::PurgeJob] [e5361794-a916-43d4-8ab9-b597d6f7c866]   [1m[35m (1.4ms)[0m  [1m[35mCOMMIT[0m
[ActiveJob] [ActiveStorage::PurgeJob] [e5361794-a916-43d4-8ab9-b597d6f7c866] [36m  Disk Storage (2.0ms) [0m[31mDeleted file from key: spytq3bo1r40iorcdeq3ooiz9y52[0m
[ActiveJob] [ActiveStorage::PurgeJob] [e5361794-a916-43d4-8ab9-b597d6f7c866] [36m  Disk Storage (0.3ms) [0m[31mDeleted files by key prefix: variants/spytq3bo1r40iorcdeq3ooiz9y52/[0m
Processing by UsersController#show as HTML
[ActiveJob] [ActiveStorage::PurgeJob] [e5361794-a916-43d4-8ab9-b597d6f7c866] Performed ActiveStorage::PurgeJob (Job ID: e5361794-a916-43d4-8ab9-b597d6f7c866) from Async(active_storage_purge) in 21.17ms
  Parameters: {"id"=>"3"}
  [1m[36mUser Load (0.5ms)[0m  [1m[34mSELECT `users`.* FROM `users` WHERE `users`.`id` = 3 LIMIT 1[0m
  ↳ app/controllers/users_controller.rb:68:in `set_user'
  Rendering users/show.html.erb within layouts/application
  [1m[36mActiveStorage::Attachment Load (0.5ms)[0m  [1m[34mSELECT `active_storage_attachments`.* FROM `active_storage_attachments` WHERE `active_storage_attachments`.`record_id` = 3 AND `active_storage_attachments`.`record_type` = 'User' AND `active_storage_attachments`.`name` = 'avatar' LIMIT 1[0m
  ↳ app/views/users/show.html.erb:9
  Rendered users/show.html.erb within layouts/application (Duration: 3.7ms | Allocations: 2754)
Completed 500 Internal Server Error in 8ms (ActiveRecord: 1.0ms | Allocations: 3941)


  
ActionView::Template::Error (Can't resolve image into URL: to_model delegated to attachment, but attachment is nil):
     6: </p>
     7: <p>
     8:   <strong>Name:</strong>
     9:   <%= image_tag @user.avatar %>
    10: </p>
    11: 
    12: <%= link_to 'Edit', edit_user_path(@user) %> |
  
app/views/users/show.html.erb:9
[ActiveJob] [ActiveStorage::AnalyzeJob] [dbe33ebc-a5a1-43c2-963f-4a7571365273] Skipping image analysis because the mini_magick gem isn't installed
[ActiveJob] [ActiveStorage::AnalyzeJob] [dbe33ebc-a5a1-43c2-963f-4a7571365273]   [1m[35m (0.4ms)[0m  [1m[35mBEGIN[0m
[ActiveJob] [ActiveStorage::AnalyzeJob] [dbe33ebc-a5a1-43c2-963f-4a7571365273]   [1m[36mActiveStorage::Blob Update (0.4ms)[0m  [1m[33mUPDATE `active_storage_blobs` SET `active_storage_blobs`.`metadata` = '{\"identified\":true,\"analyzed\":true}' WHERE `active_storage_blobs`.`id` = 4[0m
[ActiveJob] [ActiveStorage::AnalyzeJob] [dbe33ebc-a5a1-43c2-963f-4a7571365273]   [1m[35m (0.7ms)[0m  [1m[35mCOMMIT[0m
[ActiveJob] [ActiveStorage::AnalyzeJob] [dbe33ebc-a5a1-43c2-963f-4a7571365273] Performed ActiveStorage::AnalyzeJob (Job ID: dbe33ebc-a5a1-43c2-963f-4a7571365273) from Async(active_storage_analysis) in 278.15ms
Started GET "/users" for 172.24.0.1 at 2020-05-16 14:27:12 +0000
Cannot render console from 172.24.0.1! Allowed networks: 127.0.0.0/127.255.255.255, ::1
Processing by UsersController#index as HTML
  Rendering users/index.html.erb within layouts/application
  [1m[36mUser Load (0.4ms)[0m  [1m[34mSELECT `users`.* FROM `users`[0m
  ↳ app/views/users/index.html.erb:14
  Rendered users/index.html.erb within layouts/application (Duration: 3.7ms | Allocations: 1052)
[Webpacker] Everything's up-to-date. Nothing to do
Completed 200 OK in 78ms (Views: 77.0ms | ActiveRecord: 0.4ms | Allocations: 4908)


Started GET "/users/2" for 172.24.0.1 at 2020-05-16 14:27:14 +0000
Cannot render console from 172.24.0.1! Allowed networks: 127.0.0.0/127.255.255.255, ::1
Processing by UsersController#show as HTML
  Parameters: {"id"=>"2"}
  [1m[36mUser Load (0.4ms)[0m  [1m[34mSELECT `users`.* FROM `users` WHERE `users`.`id` = 2 LIMIT 1[0m
  ↳ app/controllers/users_controller.rb:68:in `set_user'
  Rendering users/show.html.erb within layouts/application
  [1m[36mActiveStorage::Attachment Load (0.4ms)[0m  [1m[34mSELECT `active_storage_attachments`.* FROM `active_storage_attachments` WHERE `active_storage_attachments`.`record_id` = 2 AND `active_storage_attachments`.`record_type` = 'User' AND `active_storage_attachments`.`name` = 'avatar' LIMIT 1[0m
  ↳ app/views/users/show.html.erb:9
  Rendered users/show.html.erb within layouts/application (Duration: 3.7ms | Allocations: 2638)
Completed 500 Internal Server Error in 9ms (ActiveRecord: 0.9ms | Allocations: 3737)


  
ActionView::Template::Error (Can't resolve image into URL: to_model delegated to attachment, but attachment is nil):
     6: </p>
     7: <p>
     8:   <strong>Name:</strong>
     9:   <%= image_tag @user.avatar %>
    10: </p>
    11: 
    12: <%= link_to 'Edit', edit_user_path(@user) %> |
  
app/views/users/show.html.erb:9
  [1m[35m (0.5ms)[0m  [1m[35mSET NAMES utf8mb4,  @@SESSION.sql_mode = CONCAT(CONCAT(@@sql_mode, ',STRICT_ALL_TABLES'), ',NO_AUTO_VALUE_ON_ZERO'),  @@SESSION.sql_auto_is_null = 0, @@SESSION.wait_timeout = 2147483[0m
  [1m[36mUser Load (0.4ms)[0m  [1m[34mSELECT `users`.* FROM `users` LIMIT 11[0m
  [1m[36mUser Load (0.4ms)[0m  [1m[34mSELECT `users`.* FROM `users` ORDER BY `users`.`id` ASC LIMIT 1[0m
  [1m[36mUser Load (0.5ms)[0m  [1m[34mSELECT `users`.* FROM `users` ORDER BY `users`.`id` ASC LIMIT 1 OFFSET 1[0m
